listening on port 54320
soc_term: accepted fd 4
soc_term: read fd EOF
soc_term: accepted fd 4

OpenSBI v0.9 (with Penglai TEE)
   ____                    _____ ____ _____
  / __ \                  / ____|  _ \_   _|
 | |  | |_ __   ___ _ __ | (___ | |_) || |
 | |  | | '_ \ / _ \ '_ \ \___ \|  _ < | |
 | |__| | |_) |  __/ | | |____) | |_) || |_
  \____/| .__/ \___|_| |_|_____/|____/_____|
        | |
        |_|

Platform Name             : riscv-virtio,qemu
Platform Features         : timer,mfdeleg
Platform HART Count       : 2
Firmware Base             : 0x80000000
Firmware Size             : 372 KB
Runtime SBI Version       : 0.2

SBI Info: domain_info_init, 130
SBI Info: domain_info_init, 132, size: 3145728d
[hash_domain] Start to hash domain:
[hash_domain] hashed 1d MB, left 2d MB
[hash_domain] hashed 2d MB, left 1d MB
[hash_domain] Finish domain hash, total 3145728d B
Domain0 Name              : root
Domain0 Boot HART         : 0
Domain0 HARTs             : 0,1
Domain0 Region00          : 0x0000000080000000-0x000000008007ffff ()
Domain0 Region01          : 0x0000000000000000-0xffffffffffffffff (R,W,X)
Domain0 Next Address      : 0x0000000020000000
Domain0 Next Arg1         : 0x00000000bfe00000
Domain0 Next Mode         : S-mode
Domain0 SysReset          : yes

Domain1 Name              : untrusted-domain
Domain1 Boot HART         : 0
Domain1 HARTs             : 0
Domain1 Region00          : 0x0000000080000000-0x000000008007ffff ()
Domain1 Region01          : 0x0000000080200000-0x00000000803fffff ()
Domain1 Region02          : 0x0000000080c00000-0x0000000080ffffff ()
Domain1 Region03          : 0x0000000081000000-0x0000000081ffffff ()
Domain1 Region04          : 0x0000000000000000-0xffffffffffffffff (R,W,X)
Domain1 Next Address      : 0x0000000020000000
Domain1 Next Arg1         : 0x00000000bfe00000
Domain1 Next Mode         : S-mode
Domain1 SysReset          : no

Domain2 Name              : trusted-domain
Domain2 Boot HART         : 0
Domain2 HARTs             : 0*,1*
Domain2 Region00          : 0x0000000080000000-0x000000008007ffff ()
Domain2 Region01          : 0x0000000000000000-0xffffffffffffffff (R,W,X)
Domain2 Next Address      : 0x0000000080200000
Domain2 Next Arg1         : 0x0000000082200000
Domain2 Next Mode         : S-mode
Domain2 SysReset          : yes

Boot HART ID              : 0
Boot HART Domain          : trusted-domain
Boot HART ISA             : rv64imafdcsuh
Boot HART Features        : scounteren,mcounteren,time
Boot HART PMP Count       : 16
Boot HART PMP Granularity : 4
Boot HART PMP Address Bits: 54
Boot HART MHPM Count      : 0
Boot HART MHPM Count      : 0
Boot HART MIDELEG         : 0x0000000000001666
Boot HART MEDELEG         : 0x0000000000f0b509
[Penglai] Penglai Enclave Preparing
MIRACL: pack: 8, nib: 17, big size: 88d, point size: 304d, workspace ptr: 8003b7c8

[mmstub] running
[mmstub] debug line: before _SMM_ModuleInit
[Penglai@Monitor] mm interface SBI_COVE_SMM_EVENT_COMPLETE (funcid:130d) 
SecStartup() BootHartId: 0x0, DeviceTreeAddress=0xBFE00000
MemoryPeimInitialization: System RAM @ 0x80000000 - 0x17FFFFFFF
AddReservedMemoryMap: Adding Reserved Memory Addr = 0xFFE00000, Size = 0x200000
PlatformPeimInitialization: Build FDT HOB - FDT at address: 0xBFE00000 
InvalidateInstructionCacheRange:RISC-V unsupported function.
Invalidating the whole instruction cache instead.
Loading DxeCore at 0x0082F7B000 EntryPoint=0x0082F7B240
CoreInitializeMemoryServices:
  BaseAddress - 0x100000000 Length - 0x80000000 MinimalMemorySizeNeeded - 0x2158000
InstallProtocolInterface: 5B1B31A1-9562-11D2-8E3F-00A0C969723B 82FBE4E0
ProtectUefiImageCommon - 0x82FBE4E0
  - 0x0000000082F7B000 - 0x0000000000060000
DxeMain: MemoryBaseAddress=0x100000000 MemoryLength=0x80000000
HOBLIST address in DXE = 0x17F639018
Memory Allocation 0x00000004 0xFFE00000 - 0xFFFFFFFF
Memory Allocation 0x00000004 0x83FEE000 - 0x83FEFFFF
Memory Allocation 0x00000004 0x83FF0000 - 0x83FFFFFF
Memory Allocation 0x00000004 0x83FDE000 - 0x83FEDFFF
Memory Allocation 0x00000004 0x837DC000 - 0x83FDDFFF
Memory Allocation 0x00000004 0x82FDB000 - 0x837DBFFF
Memory Allocation 0x00000003 0x82F7B000 - 0x82FDAFFF
Memory Allocation 0x00000003 0x82F7B000 - 0x82FDAFFF
FV Hob            0x20000000 - 0x207FFFFF
FV Hob            0x82FDB000 - 0x837DAFFF
FV2 Hob           0x82FDB000 - 0x837DAFFF
                  00000000-0000-0000-0000-000000000000 - 9E21FD93-9C72-4C15-8C4B-E77F1DB2D792
InstallProtocolInterface: D8117CFE-94A6-11D4-9A3A-0090273FC14D 82FBE490
InstallProtocolInterface: 8F644FA9-E850-4DB1-9CE2-0B44698E8DA4 17F635330
InstallProtocolInterface: 09576E91-6D3F-11D2-8E39-00A0C969723B 17F635698
InstallProtocolInterface: 8F644FA9-E850-4DB1-9CE2-0B44698E8DA4 17F62B030
InstallProtocolInterface: 09576E91-6D3F-11D2-8E39-00A0C969723B 17F62BF98
InstallProtocolInterface: 220E73B6-6BDB-4413-8405-B974B108619A 17F62A030
InstallProtocolInterface: 220E73B6-6BDB-4413-8405-B974B108619A 17F62AD30
InstallProtocolInterface: FC1BCDB0-7D31-49AA-936A-A4600D9DD083 82FBE4B0
Loading driver 9B680FCE-AD6B-4F3A-B60B-F59899003443
InstallProtocolInterface: 5B1B31A1-9562-11D2-8E3F-00A0C969723B 17EEA4140
InvalidateInstructionCacheRange:RISC-V unsupported function.
Invalidating the whole instruction cache instead.
Loading driver at 0x0017FC02000 EntryPoint=0x0017FC0228A DevicePathDxe.efi
InstallProtocolInterface: BC62157E-3E33-4FEC-9920-2D3B36D750DF 17EEA4B18
ProtectUefiImageCommon - 0x7EEA4140
  - 0x000000017FC02000 - 0x0000000000014440
InstallProtocolInterface: 0379BE4E-D706-437D-B037-EDB82FB772A4 17FC15100
InstallProtocolInterface: 8B843E20-8132-4852-90CC-551A4E4A7F1C 17FC15140
InstallProtocolInterface: 05C99A21-C70F-4AD2-8A5F-35DF3343F51E 17FC15150
Loading driver 80CF7257-87AB-47F9-A3FE-D50B76D89541
InstallProtocolInterface: 5B1B31A1-9562-11D2-8E3F-00A0C969723B 17EE99040
InvalidateInstructionCacheRange:RISC-V unsupported function.
Invalidating the whole instruction cache instead.
Loading driver at 0x0017FBF8000 EntryPoint=0x0017FBF828A PcdDxe.efi
InstallProtocolInterface: BC62157E-3E33-4FEC-9920-2D3B36D750DF 17EE99D98
ProtectUefiImageCommon - 0x7EE99040
  - 0x000000017FBF8000 - 0x0000000000009240
InstallProtocolInterface: 11B34006-D85B-4D0A-A290-D5A571310EF7 17FC00C98
InstallProtocolInterface: 13A3F0F6-264A-3EF0-F2E0-DEC512342F34 17FC00D90
InstallProtocolInterface: 5BE40F57-FA68-4610-BBBF-E9C5FCDAD365 17FC00E20
InstallProtocolInterface: FD0F4478-0EFD-461D-BA2D-E58C45FD5F5E 17FC00E38
Loading driver D93CE3D8-A7EB-4730-8C8E-CC466A9ECC3C
InstallProtocolInterface: 5B1B31A1-9562-11D2-8E3F-00A0C969723B 17EEA37C0
InvalidateInstructionCacheRange:RISC-V unsupported function.
Invalidating the whole instruction cache instead.
Loading driver at 0x0017FD9B000 EntryPoint=0x0017FD9C04A ReportStatusCodeRouterRuntimeDxe.efi
InstallProtocolInterface: BC62157E-3E33-4FEC-9920-2D3B36D750DF 17EEA3618
ProtectUefiImageCommon - 0x7EEA37C0
  - 0x000000017FD9B000 - 0x000000000000C000
InstallProtocolInterface: 86212936-0E76-41C8-A03A-2AF2FC1C39E2 17FDA5020
InstallProtocolInterface: D2B2B828-0826-48A7-B3DF-983C006024F0 17FDA5018
Loading driver 6C2004EF-4E0E-4BE4-B14C-340EB4AA5891
InstallProtocolInterface: 5B1B31A1-9562-11D2-8E3F-00A0C969723B 17EEA2BC0
InvalidateInstructionCacheRange:RISC-V unsupported function.
Invalidating the whole instruction cache instead.
Loading driver at 0x0017FD90000 EntryPoint=0x0017FD9104A StatusCodeHandlerRuntimeDxe.efi
InstallProtocolInterface: BC62157E-3E33-4FEC-9920-2D3B36D750DF 17EEA2998
ProtectUefiImageCommon - 0x7EEA2BC0
  - 0x000000017FD90000 - 0x000000000000B000
Loading driver 9A871B00-1C16-4F61-8D2C-93B6654B5AD6
InstallProtocolInterface: 5B1B31A1-9562-11D2-8E3F-00A0C969723B 17EEA2340
InvalidateInstructionCacheRange:RISC-V unsupported function.
Invalidating the whole instruction cache instead.
Loading driver at 0x0017FBF2000 EntryPoint=0x0017FBF228A FdtClientDxe.efi
InstallProtocolInterface: BC62157E-3E33-4FEC-9920-2D3B36D750DF 17EE9BF18
ProtectUefiImageCommon - 0x7EEA2340
  - 0x000000017FBF2000 - 0x00000000000056C0
InstallProtocolInterface: E11FACA0-4710-4C8E-A7A2-01BAA2591B4C 17FBF73C0
Loading driver BDEA19E2-778F-473C-BF82-5E38D6A27765
InstallProtocolInterface: 5B1B31A1-9562-11D2-8E3F-00A0C969723B 17EE9B7C0
InvalidateInstructionCacheRange:RISC-V unsupported function.
Invalidating the whole instruction cache instead.
Loading driver at 0x0017FBE7000 EntryPoint=0x0017FBE728A CpuDxeRiscV64.efi
InstallProtocolInterface: BC62157E-3E33-4FEC-9920-2D3B36D750DF 17EE9B598
ProtectUefiImageCommon - 0x7EE9B7C0
  - 0x000000017FBE7000 - 0x000000000000AE00
 InitializeCpu: Firmware Context is at 0x83FFFFA8.
 InitializeCpu: mBootHartId = 0x0.
RiscVConfigureMmu: SATP mode 10 successfully configured
InstallProtocolInterface: CCD15FEC-6F73-4EEC-8395-3E69E4B940BF 17FBF1508
InstallProtocolInterface: 26BACCB1-6F42-11D4-BCE7-0080C73C8881 17FBF1518
MemoryProtectionCpuArchProtocolNotify:
InitializeDxeNxMemoryProtectionPolicy: applying strict permissions to active memory regions
SetUefiImageMemoryAttributes - 0x0000000080000000 - 0x0000000002F7B000 (0x0000000000004000)
SetUefiImageMemoryAttributes - 0x0000000082FDB000 - 0x00000000FCC0C000 (0x0000000000004000)
SetUefiImageMemoryAttributes - 0x000000017FDA7000 - 0x0000000000259000 (0x0000000000004000)
InitializeDxeNxMemoryProtectionPolicy: applying strict permissions to inactive memory regions
ProtectUefiImageCommon - 0x82FBE4E0
  - 0x0000000082F7B000 - 0x0000000000060000
ProtectUefiImageCommon - 0x7EEA4140
  - 0x000000017FC02000 - 0x0000000000014440
ProtectUefiImageCommon - 0x7EE99040
  - 0x000000017FBF8000 - 0x0000000000009240
ProtectUefiImageCommon - 0x7EEA37C0
  - 0x000000017FD9B000 - 0x000000000000C000
SetUefiImageMemoryAttributes - 0x000000017FD9B000 - 0x0000000000001000 (0x0000000000004000)
SetUefiImageMemoryAttributes - 0x000000017FD9C000 - 0x0000000000009000 (0x0000000000020000)
SetUefiImageMemoryAttributes - 0x000000017FDA5000 - 0x0000000000002000 (0x0000000000004000)
ProtectUefiImageCommon - 0x7EEA2BC0
  - 0x000000017FD90000 - 0x000000000000B000
SetUefiImageMemoryAttributes - 0x000000017FD90000 - 0x0000000000001000 (0x0000000000004000)
SetUefiImageMemoryAttributes - 0x000000017FD91000 - 0x0000000000008000 (0x0000000000020000)
SetUefiImageMemoryAttributes - 0x000000017FD99000 - 0x0000000000002000 (0x0000000000004000)
ProtectUefiImageCommon - 0x7EEA2340
  - 0x000000017FBF2000 - 0x00000000000056C0
ProtectUefiImageCommon - 0x7EE9B7C0
  - 0x000000017FBE7000 - 0x000000000000AE00
Loading driver E452CABD-5FE1-4D97-8161-E80ED6A409A8
InstallProtocolInterface: 5B1B31A1-9562-11D2-8E3F-00A0C969723B 17EE9C7C0
InvalidateInstructionCacheRange:RISC-V unsupported function.
Invalidating the whole instruction cache instead.
Loading driver at 0x0017FD81000 EntryPoint=0x0017FD8204A VirtNorFlashDxe.efi
InstallProtocolInterface: BC62157E-3E33-4FEC-9920-2D3B36D750DF 17EE9C598
ProtectUefiImageCommon - 0x7EE9C7C0
  - 0x000000017FD81000 - 0x000000000000F000
SetUefiImageMemoryAttributes - 0x000000017FD81000 - 0x0000000000001000 (0x0000000000004000)
SetUefiImageMemoryAttributes - 0x000000017FD82000 - 0x000000000000C000 (0x0000000000020000)
SetUefiImageMemoryAttributes - 0x000000017FD8E000 - 0x0000000000002000 (0x0000000000004000)
InstallProtocolInterface: D1A86E3F-0707-4C35-83CD-DC2C29C891A3 0
InstallProtocolInterface: 09576E91-6D3F-11D2-8E39-00A0C969723B 17FFFE3A0
InstallProtocolInterface: 8F644FA9-E850-4DB1-9CE2-0B44698E8DA4 17FFFE358
Loading driver 0049858F-8CA7-4CCD-918B-D952CBF32975
InstallProtocolInterface: 5B1B31A1-9562-11D2-8E3F-00A0C969723B 17EE94140
InvalidateInstructionCacheRange:RISC-V unsupported function.
Invalidating the whole instruction cache instead.
Loading driver at 0x0017FBDD000 EntryPoint=0x0017FBDD28A VirtioFdtDxe.efi
InstallProtocolInterface: BC62157E-3E33-4FEC-9920-2D3B36D750DF 17EE94A98
ProtectUefiImageCommon - 0x7EE94140
  - 0x000000017FBDD000 - 0x0000000000009640
InstallProtocolInterface: 09576E91-6D3F-11D2-8E39-00A0C969723B 17EE94918
VirtioMmioInit virtio 0.9.5, id 2
InstallProtocolInterface: FA920010-6785-4941-B6EC-498C579F160A 17EE944A8
InstallProtocolInterface: 09576E91-6D3F-11D2-8E39-00A0C969723B 17EE94618
VirtioMmioInit virtio 0.9.5, id 0
InstallProtocolInterface: FA920010-6785-4941-B6EC-498C579F160A 17EE91F28
InstallProtocolInterface: 09576E91-6D3F-11D2-8E39-00A0C969723B 17EE91E18
VirtioMmioInit virtio 0.9.5, id 0
InstallProtocolInterface: FA920010-6785-4941-B6EC-498C579F160A 17EE91C28
InstallProtocolInterface: 09576E91-6D3F-11D2-8E39-00A0C969723B 17EE91D98
VirtioMmioInit virtio 0.9.5, id 0
InstallProtocolInterface: FA920010-6785-4941-B6EC-498C579F160A 17EE917A8
InstallProtocolInterface: 09576E91-6D3F-11D2-8E39-00A0C969723B 17EE91898
VirtioMmioInit virtio 0.9.5, id 0
InstallProtocolInterface: FA920010-6785-4941-B6EC-498C579F160A 17EE91128
InstallProtocolInterface: 09576E91-6D3F-11D2-8E39-00A0C969723B 17EE91698
VirtioMmioInit virtio 0.9.5, id 0
InstallProtocolInterface: FA920010-6785-4941-B6EC-498C579F160A 17EE91528
InstallProtocolInterface: 09576E91-6D3F-11D2-8E39-00A0C969723B 17EE91498
InitializeVirtioFdtDxe: Failed to install VirtIO transport @ 0x10002000 on handle 17EE91398 (Status == Unsupported)
InstallProtocolInterface: 09576E91-6D3F-11D2-8E39-00A0C969723B 17EE91498
VirtioMmioInit virtio 0.9.5, id 0
InstallProtocolInterface: FA920010-6785-4941-B6EC-498C579F160A 17EE90028
Loading driver 63EA1463-FBFA-428A-B97F-E222755852D7
InstallProtocolInterface: 5B1B31A1-9562-11D2-8E3F-00A0C969723B 17EE90BC0
InvalidateInstructionCacheRange:RISC-V unsupported function.
Invalidating the whole instruction cache instead.
Loading driver at 0x0017FBD5000 EntryPoint=0x0017FBD528A HighMemDxe.efi
InstallProtocolInterface: BC62157E-3E33-4FEC-9920-2D3B36D750DF 17EE90118
ProtectUefiImageCommon - 0x7EE90BC0
  - 0x000000017FBD5000 - 0x0000000000007700
Loading driver B601F8C4-43B7-4784-95B1-F4226CB40CEE
InstallProtocolInterface: 5B1B31A1-9562-11D2-8E3F-00A0C969723B 17EE901C0
InvalidateInstructionCacheRange:RISC-V unsupported function.
Invalidating the whole instruction cache instead.
Loading driver at 0x0017FD76000 EntryPoint=0x0017FD7704A RuntimeDxe.efi
InstallProtocolInterface: BC62157E-3E33-4FEC-9920-2D3B36D750DF 17EE90698
ProtectUefiImageCommon - 0x7EE901C0
  - 0x000000017FD76000 - 0x000000000000B000
SetUefiImageMemoryAttributes - 0x000000017FD76000 - 0x0000000000001000 (0x0000000000004000)
SetUefiImageMemoryAttributes - 0x000000017FD77000 - 0x0000000000008000 (0x0000000000020000)
SetUefiImageMemoryAttributes - 0x000000017FD7F000 - 0x0000000000002000 (0x0000000000004000)
InstallProtocolInterface: B7DFB4E1-052F-449F-87BE-9818FC91B733 17FD7F008
Loading driver F80697E9-7FD6-4665-8646-88E33EF71DFC
InstallProtocolInterface: 5B1B31A1-9562-11D2-8E3F-00A0C969723B 17EE8F0C0
InvalidateInstructionCacheRange:RISC-V unsupported function.
Invalidating the whole instruction cache instead.
Loading driver at 0x0017FB0C000 EntryPoint=0x0017FB0C28A SecurityStubDxe.efi
InstallProtocolInterface: BC62157E-3E33-4FEC-9920-2D3B36D750DF 17EE8FC98
ProtectUefiImageCommon - 0x7EE8F0C0
  - 0x000000017FB0C000 - 0x00000000000C8A40
InstallProtocolInterface: 94AB2F58-1438-4EF1-9152-18941A3A0E68 17FBB9450
InstallProtocolInterface: A46423E3-4617-49F1-B9FF-D1BFA9115839 17FBB9448
InstallProtocolInterface: 15853D7C-3DDF-43E0-A1CB-EBF85B8F872C 17FBB9458
Loading driver 09EE81D3-F15E-43F4-85B4-CB9873DA5D6B
InstallProtocolInterface: 5B1B31A1-9562-11D2-8E3F-00A0C969723B 17EE8E0C0
InvalidateInstructionCacheRange:RISC-V unsupported function.
Invalidating the whole instruction cache instead.
Loading driver at 0x0017FD6B000 EntryPoint=0x0017FD6C04A RiscVMmCommunication.efi
InstallProtocolInterface: BC62157E-3E33-4FEC-9920-2D3B36D750DF 17EE8ED98
ProtectUefiImageCommon - 0x7EE8E0C0
  - 0x000000017FD6B000 - 0x000000000000B000
SetUefiImageMemoryAttributes - 0x000000017FD6B000 - 0x0000000000001000 (0x0000000000004000)
SetUefiImageMemoryAttributes - 0x000000017FD6C000 - 0x0000000000008000 (0x0000000000020000)
SetUefiImageMemoryAttributes - 0x000000017FD74000 - 0x0000000000002000 (0x0000000000004000)
InstallProtocolInterface: ED32D533-99E6-4209-9CC0-2D72CDD998A7 0
InstallProtocolInterface: 93BA1826-DFFB-45DD-82A7-E7DCAA3BBDF3 0
[Penglai Monitor] sm_smm_version invoked
[Penglai Monitor] sm_smm_version return: 0d
MM Version: Major=0x1, Minor=0x0
InstallProtocolInterface: 378DAEDC-F06B-4446-8314-40AB933C87A3 17FD74008
Loading driver 4B28E4C7-FF36-4E10-93CF-A82159E777C5
InstallProtocolInterface: 5B1B31A1-9562-11D2-8E3F-00A0C969723B 17EE8D0C0
InvalidateInstructionCacheRange:RISC-V unsupported function.
Invalidating the whole instruction cache instead.
Loading driver at 0x0017FD60000 EntryPoint=0x0017FD6104A ResetSystemRuntimeDxe.efi
InstallProtocolInterface: BC62157E-3E33-4FEC-9920-2D3B36D750DF 17EE8D918
ProtectUefiImageCommon - 0x7EE8D0C0
  - 0x000000017FD60000 - 0x000000000000B000
SetUefiImageMemoryAttributes - 0x000000017FD60000 - 0x0000000000001000 (0x0000000000004000)
SetUefiImageMemoryAttributes - 0x000000017FD61000 - 0x0000000000008000 (0x0000000000020000)
SetUefiImageMemoryAttributes - 0x000000017FD69000 - 0x0000000000002000 (0x0000000000004000)
InstallProtocolInterface: 27CFAC88-46CC-11D4-9A38-0090273FC14D 0
InstallProtocolInterface: 9DA34AE0-EAF9-4BBF-8EC3-FD60226C44BE 17FD69030
InstallProtocolInterface: 695D7835-8D47-4C11-AB22-FA8ACCE7AE7A 17FD69058
InstallProtocolInterface: 2DF6BA0B-7092-440D-BD04-FB091EC3F3C1 17FD69080
Loading driver 4C6E0267-C77D-410D-8100-1495911A989D
InstallProtocolInterface: 5B1B31A1-9562-11D2-8E3F-00A0C969723B 17EE8C0C0
InvalidateInstructionCacheRange:RISC-V unsupported function.
Invalidating the whole instruction cache instead.
Loading driver at 0x0017FB05000 EntryPoint=0x0017FB0528A MetronomeDxe.efi
InstallProtocolInterface: BC62157E-3E33-4FEC-9920-2D3B36D750DF 17EE8CC18
ProtectUefiImageCommon - 0x7EE8C0C0
  - 0x000000017FB05000 - 0x0000000000006CC0
InstallProtocolInterface: 26BACCB2-6F42-11D4-BCE7-0080C73C8881 17FB0B748
Loading driver 348C4D62-BFBD-4882-9ECE-C80BB1C4783B
InstallProtocolInterface: 5B1B31A1-9562-11D2-8E3F-00A0C969723B 17EE8C440
InvalidateInstructionCacheRange:RISC-V unsupported function.
Invalidating the whole instruction cache instead.
Loading driver at 0x0017FAD3000 EntryPoint=0x0017FAD328A HiiDatabase.efi
InstallProtocolInterface: BC62157E-3E33-4FEC-9920-2D3B36D750DF 17EE59F18
ProtectUefiImageCommon - 0x7EE8C440
  - 0x000000017FAD3000 - 0x0000000000031840
InstallProtocolInterface: E9CA4775-8657-47FC-97E7-7ED65A084324 17FB02B30
InstallProtocolInterface: 0FD96974-23AA-4CDC-B9CB-98D17750322A 17FB02BA8
InstallProtocolInterface: EF9FC172-A1B2-4693-B327-6D32FC416042 17FB02BD0
InstallProtocolInterface: 587E72D7-CC50-4F79-8209-CA291FC1A10F 17FB02C28
InstallProtocolInterface: 0A8BADD5-03B8-4D19-B128-7B8F0EDAA596 17FB02C58
InstallProtocolInterface: 31A6406A-6BDF-4E46-B2A2-EBAA89C40920 17FB02B50
InstallProtocolInterface: 1A1241E6-8F19-41A9-BC0E-E8EF39E06546 17FB02B78
Loading driver 9A5163E7-5C29-453F-825C-837A46A81E15
InstallProtocolInterface: 5B1B31A1-9562-11D2-8E3F-00A0C969723B 17EE59240
InvalidateInstructionCacheRange:RISC-V unsupported function.
Invalidating the whole instruction cache instead.
Loading driver at 0x0017FACB000 EntryPoint=0x0017FACB28A SerialDxe.efi
InstallProtocolInterface: BC62157E-3E33-4FEC-9920-2D3B36D750DF 17EE83F18
ProtectUefiImageCommon - 0x7EE59240
  - 0x000000017FACB000 - 0x00000000000074C0
InstallProtocolInterface: BB25CF6F-F1D4-11D2-9A0C-0090273FC1FD 17FAD1E98
InstallProtocolInterface: 09576E91-6D3F-11D2-8E39-00A0C969723B 17FAD1E48
Loading driver 055DDAC6-9142-4013-BF20-FC2E5BC325C9
InstallProtocolInterface: 5B1B31A1-9562-11D2-8E3F-00A0C969723B 17EE831C0
InvalidateInstructionCacheRange:RISC-V unsupported function.
Invalidating the whole instruction cache instead.
Loading driver at 0x0017FAC4000 EntryPoint=0x0017FAC428A CpuTimerDxeRiscV64.efi
InstallProtocolInterface: BC62157E-3E33-4FEC-9920-2D3B36D750DF 17EE83598
ProtectUefiImageCommon - 0x7EE831C0
  - 0x000000017FAC4000 - 0x0000000000006EC0
TimerDriverSetTimerPeriod(0x0)
RegisterCpuInterruptHandler: Type:5 Handler: 7FAC4670
TimerDriverSetTimerPeriod(0x186A0)
InstallProtocolInterface: 26BACCB3-6F42-11D4-BCE7-0080C73C8881 17FACA948
TimerDriverRegisterHandler(0x82F98DB8) called
Loading driver F9D88642-0737-49BC-81B5-6889CD57D9EA
InstallProtocolInterface: 5B1B31A1-9562-11D2-8E3F-00A0C969723B 17EE8BBC0
InvalidateInstructionCacheRange:RISC-V unsupported function.
Invalidating the whole instruction cache instead.
Loading driver at 0x0017FAB6000 EntryPoint=0x0017FAB628A SmbiosDxe.efi
InstallProtocolInterface: BC62157E-3E33-4FEC-9920-2D3B36D750DF 17EE8B798
ProtectUefiImageCommon - 0x7EE8BBC0
  - 0x000000017FAB6000 - 0x000000000000DF40
Found FwCfg @ 0x10100008/0x10100000
Found FwCfg DMA @ 0x10100010
InstallProtocolInterface: 03583FF6-CB36-4940-947E-B9B39F4AFAF7 17FAC3788
Loading driver 9BD3C765-2579-4CF0-9349-D77205565030
InstallProtocolInterface: 5B1B31A1-9562-11D2-8E3F-00A0C969723B 17EE8B240
InvalidateInstructionCacheRange:RISC-V unsupported function.
Invalidating the whole instruction cache instead.
Loading driver at 0x0017FAAE000 EntryPoint=0x0017FAAE28A PciCpuIo2Dxe.efi
InstallProtocolInterface: BC62157E-3E33-4FEC-9920-2D3B36D750DF 17EE8A018
ProtectUefiImageCommon - 0x7EE8B240
  - 0x000000017FAAE000 - 0x0000000000007040
InstallProtocolInterface: AD61F191-AE5F-4C0E-B9FA-E869D288C64F 17FAB4A88
Loading driver 11A6EDF6-A9BE-426D-A6CC-B22FE51D9224
InstallProtocolInterface: 5B1B31A1-9562-11D2-8E3F-00A0C969723B 17EE8A0C0
InvalidateInstructionCacheRange:RISC-V unsupported function.
Invalidating the whole instruction cache instead.
Loading driver at 0x0017FAA2000 EntryPoint=0x0017FAA228A PciHotPlugInitDxe.efi
InstallProtocolInterface: BC62157E-3E33-4FEC-9920-2D3B36D750DF 17EE8AA98
ProtectUefiImageCommon - 0x7EE8A0C0
  - 0x000000017FAA2000 - 0x000000000000BFC0
InstallProtocolInterface: AA0E8BC1-DABC-46B0-A844-37B8169B2BEA 17FAAD910
Loading driver DCE1B094-7DC6-45D0-9FDD-D7FC3CC3E4EF
InstallProtocolInterface: 5B1B31A1-9562-11D2-8E3F-00A0C969723B 17EE8A440
InvalidateInstructionCacheRange:RISC-V unsupported function.
Invalidating the whole instruction cache instead.
Loading driver at 0x0017FA96000 EntryPoint=0x0017FA9628A QemuRamfbDxe.efi
InstallProtocolInterface: BC62157E-3E33-4FEC-9920-2D3B36D750DF 17EE89B18
ProtectUefiImageCommon - 0x7EE8A440
  - 0x000000017FA96000 - 0x000000000000B040
Found FwCfg @ 0x10100008/0x10100000
Found FwCfg DMA @ 0x10100010
Error: Image at 0017FA96000 start failed: Not Found
Loading driver 9F7DCADE-11EA-448A-A46F-76E003657DD1
InstallProtocolInterface: 5B1B31A1-9562-11D2-8E3F-00A0C969723B 17EE8A440
InvalidateInstructionCacheRange:RISC-V unsupported function.
Invalidating the whole instruction cache instead.
Loading driver at 0x0017FD4E000 EntryPoint=0x0017FD4F04A VariableSmmRuntimeDxe.efi
InstallProtocolInterface: BC62157E-3E33-4FEC-9920-2D3B36D750DF 17EE89D98
ProtectUefiImageCommon - 0x7EE8A440
  - 0x000000017FD4E000 - 0x0000000000012000
SetUefiImageMemoryAttributes - 0x000000017FD4E000 - 0x0000000000001000 (0x0000000000004000)
SetUefiImageMemoryAttributes - 0x000000017FD4F000 - 0x000000000000F000 (0x0000000000020000)
SetUefiImageMemoryAttributes - 0x000000017FD5E000 - 0x0000000000002000 (0x0000000000004000)
Qingyu VariableSmmRuntimeDxe debug: line.1421
[Penglai@Monitor] host interface SBI_SMM_COMMUNICATE (funcid:129d) 
[Penglai@Monitor] mm interface SBI_COVE_SMM_EVENT_COMPLETE (funcid:130d) 
Qingyu VariableSmmRuntimeDxe debug: line.1423
Variable driver runtime cache is enabled.
Qingyu VariableSmmRuntimeDxe debug: line.1501
[Penglai@Monitor] host interface SBI_SMM_COMMUNICATE (funcid:129d) 
[Penglai@Monitor] mm interface SBI_COVE_SMM_EVENT_COMPLETE (funcid:130d) 
Qingyu VariableSmmRuntimeDxe debug: line.1503
Qingyu VariableSmmRuntimeDxe debug: line.1611
[Penglai@Monitor] host interface SBI_SMM_COMMUNICATE (funcid:129d) 
[Penglai@Monitor] mm interface SBI_COVE_SMM_EVENT_COMPLETE (funcid:130d) 
Qingyu VariableSmmRuntimeDxe debug: line.1613
Qingyu VariableSmmRuntimeDxe debug: line.281
[Penglai@Monitor] host interface SBI_SMM_COMMUNICATE (funcid:129d) 
[Penglai@Monitor] mm interface SBI_COVE_SMM_EVENT_COMPLETE (funcid:130d) 
Qingyu VariableSmmRuntimeDxe debug: line.288
InstallProtocolInterface: 1E5668E2-8481-11D4-BCF1-0080C73C8881 0
InstallProtocolInterface: CD3D0A05-9E24-437C-A891-1EE053DB7638 17FD5E100
InstallProtocolInterface: AF23B340-97B4-4685-8D4F-A3F28169B21D 17FD5E108
InstallProtocolInterface: 6441F818-6362-4E44-B570-7DBA31DD2453 0
InstallProtocolInterface: 81D1675C-86F6-48DF-BD95-9A6E4F0925C3 17FD5E130
Loading driver F099D67F-71AE-4C36-B2A3-DCEB0EB2B7D8
InstallProtocolInterface: 5B1B31A1-9562-11D2-8E3F-00A0C969723B 17EE88BC0
InvalidateInstructionCacheRange:RISC-V unsupported function.
Invalidating the whole instruction cache instead.
Loading driver at 0x0017FA9B000 EntryPoint=0x0017FA9B28A WatchdogTimer.efi
InstallProtocolInterface: BC62157E-3E33-4FEC-9920-2D3B36D750DF 17EE88118
ProtectUefiImageCommon - 0x7EE88BC0
  - 0x000000017FA9B000 - 0x0000000000006FC0
InstallProtocolInterface: 665E3FF5-46CC-11D4-9A38-0090273FC14D 17FAA1A08
Loading driver A487A478-51EF-48AA-8794-7BEE2A0562F1
InstallProtocolInterface: 5B1B31A1-9562-11D2-8E3F-00A0C969723B 17EE882C0
InvalidateInstructionCacheRange:RISC-V unsupported function.
Invalidating the whole instruction cache instead.
Loading driver at 0x0017FA86000 EntryPoint=0x0017FA8628A tftpDynamicCommand.efi
InstallProtocolInterface: BC62157E-3E33-4FEC-9920-2D3B36D750DF 17EE88598
InstallProtocolInterface: 6A1EE763-D47A-43B4-AABE-EF1DE2AB56FC 17FA98730
ProtectUefiImageCommon - 0x7EE882C0
  - 0x000000017FA86000 - 0x00000000000149C0
InstallProtocolInterface: 3C7200E9-005F-4EA4-87DE-A3DFAC8A27C3 17FA98408
Loading driver 19618BCE-55AE-09C6-37E9-4CE04084C7A1
InstallProtocolInterface: 5B1B31A1-9562-11D2-8E3F-00A0C969723B 17EE87140
InvalidateInstructionCacheRange:RISC-V unsupported function.
Invalidating the whole instruction cache instead.
Loading driver at 0x0017FA6E000 EntryPoint=0x0017FA6E28A httpDynamicCommand.efi
InstallProtocolInterface: BC62157E-3E33-4FEC-9920-2D3B36D750DF 17EE87398
InstallProtocolInterface: 6A1EE763-D47A-43B4-AABE-EF1DE2AB56FC 17FA82F70
ProtectUefiImageCommon - 0x7EE87140
  - 0x000000017FA6E000 - 0x0000000000017A00
InstallProtocolInterface: 3C7200E9-005F-4EA4-87DE-A3DFAC8A27C3 17FA82BC8
Loading driver 2F30DA26-F51B-4B6F-85C4-31873C281BCA
InstallProtocolInterface: 5B1B31A1-9562-11D2-8E3F-00A0C969723B 17EE840C0
InvalidateInstructionCacheRange:RISC-V unsupported function.
Invalidating the whole instruction cache instead.
Loading driver at 0x0017FA5D000 EntryPoint=0x0017FA5D28A LinuxInitrdDynamicShellCommand.efi
InstallProtocolInterface: BC62157E-3E33-4FEC-9920-2D3B36D750DF 17EE84C18
InstallProtocolInterface: 6A1EE763-D47A-43B4-AABE-EF1DE2AB56FC 17FA6C9B0
ProtectUefiImageCommon - 0x7EE840C0
  - 0x000000017FA5D000 - 0x0000000000010B80
InstallProtocolInterface: 3C7200E9-005F-4EA4-87DE-A3DFAC8A27C3 17FA6C730
Loading driver EBF342FE-B1D3-4EF8-957C-8048606FF671
InstallProtocolInterface: 5B1B31A1-9562-11D2-8E3F-00A0C969723B 17EE7FAC0
InvalidateInstructionCacheRange:RISC-V unsupported function.
Invalidating the whole instruction cache instead.
Loading driver at 0x0017FA32000 EntryPoint=0x0017FA3228A SetupBrowser.efi
InstallProtocolInterface: BC62157E-3E33-4FEC-9920-2D3B36D750DF 17EE7FE98
ProtectUefiImageCommon - 0x7EE7FAC0
  - 0x000000017FA32000 - 0x000000000002A900
InstallProtocolInterface: B9D4C360-BCFB-4F9B-9298-53C136982258 17FA5AD98
InstallProtocolInterface: A770C357-B693-4E6D-A6CF-D21C728E550B 17FA5ADC8
InstallProtocolInterface: 1F73B18D-4630-43C1-A1DE-6F80855D7DA4 17FA5ADA8
Loading driver 4110465D-5FF3-4F4B-B580-24ED0D06747A
InstallProtocolInterface: 5B1B31A1-9562-11D2-8E3F-00A0C969723B 17EE7E1C0
InvalidateInstructionCacheRange:RISC-V unsupported function.
Invalidating the whole instruction cache instead.
Loading driver at 0x0017FA29000 EntryPoint=0x0017FA2928A SmbiosPlatformDxe.efi
InstallProtocolInterface: BC62157E-3E33-4FEC-9920-2D3B36D750DF 17EE7E798
ProtectUefiImageCommon - 0x7EE7E1C0
  - 0x000000017FA29000 - 0x0000000000008F40
Found FwCfg @ 0x10100008/0x10100000
Found FwCfg DMA @ 0x10100010
Error: Image at 0017FA29000 start failed: Not Found
Loading driver 128FB770-5E79-4176-9E51-9BB268A17DD1
InstallProtocolInterface: 5B1B31A1-9562-11D2-8E3F-00A0C969723B 17EE7E1C0
InvalidateInstructionCacheRange:RISC-V unsupported function.
Invalidating the whole instruction cache instead.
Loading driver at 0x0017FA1C000 EntryPoint=0x0017FA1C28A PciHostBridgeDxe.efi
InstallProtocolInterface: BC62157E-3E33-4FEC-9920-2D3B36D750DF 17EE7E718
ProtectUefiImageCommon - 0x7EE7E1C0
  - 0x000000017FA1C000 - 0x0000000000015FC0
Found FwCfg @ 0x10100008/0x10100000
Found FwCfg DMA @ 0x10100010
ProcessPciHost: Config[0x30000000+0x10000000) Bus[0x0..0xFF] Io[0x0+0x10000)@0x3000000 Mem32[0x40000000+0x40000000)@0x0 Mem64[0x400000000+0x400000000)@0x0
PciHostBridgeUtilityInitRootBridge: populated root bus 0, with room for 255 subordinate bus(es)
RootBridge: PciRoot(0x0)
  Support/Attr: 70001 / 70001
    DmaAbove4G: Yes
NoExtConfSpace: No
     AllocAttr: 3 (CombineMemPMem Mem64Decode)
           Bus: 0 - FF Translation=0
            Io: 0 - FFFF Translation=0
           Mem: 40000000 - 7FFFFFFF Translation=0
    MemAbove4G: 400000000 - 7FFFFFFFF Translation=0
          PMem: FFFFFFFFFFFFFFFF - 0 Translation=0
   PMemAbove4G: FFFFFFFFFFFFFFFF - 0 Translation=0
InstallProtocolInterface: CF8034BE-6768-4D8B-B739-7CCE683A9FBE 17EE7D0C0
InstallProtocolInterface: 09576E91-6D3F-11D2-8E39-00A0C969723B 17EE7D418
InstallProtocolInterface: 2F707EBB-4A1A-11D4-9A38-0090273FC14D 17EE7D670
Loading driver F74D20EE-37E7-48FC-97F7-9B1047749C69
InstallProtocolInterface: 5B1B31A1-9562-11D2-8E3F-00A0C969723B 17EE7BBC0
InvalidateInstructionCacheRange:RISC-V unsupported function.
Invalidating the whole instruction cache instead.
Loading driver at 0x0017FA12000 EntryPoint=0x0017FA1228A LogoDxe.efi
InstallProtocolInterface: BC62157E-3E33-4FEC-9920-2D3B36D750DF 17EE7BA98
InstallProtocolInterface: 6A1EE763-D47A-43B4-AABE-EF1DE2AB56FC 17FA184B0
ProtectUefiImageCommon - 0x7EE7BBC0
  - 0x000000017FA12000 - 0x0000000000009800
InstallProtocolInterface: 53CD299F-2BC1-40C0-8C07-23F64FDB30E0 17FA18320
Loading driver 42857F0A-13F2-4B21-8A23-53D3F714B840
InstallProtocolInterface: 5B1B31A1-9562-11D2-8E3F-00A0C969723B 17EE7B2C0
InvalidateInstructionCacheRange:RISC-V unsupported function.
Invalidating the whole instruction cache instead.
Loading driver at 0x0017FD43000 EntryPoint=0x0017FD4404A CapsuleRuntimeDxe.efi
InstallProtocolInterface: BC62157E-3E33-4FEC-9920-2D3B36D750DF 17EE7AB98
ProtectUefiImageCommon - 0x7EE7B2C0
  - 0x000000017FD43000 - 0x000000000000B000
SetUefiImageMemoryAttributes - 0x000000017FD43000 - 0x0000000000001000 (0x0000000000004000)
SetUefiImageMemoryAttributes - 0x000000017FD44000 - 0x0000000000008000 (0x0000000000020000)
SetUefiImageMemoryAttributes - 0x000000017FD4C000 - 0x0000000000002000 (0x0000000000004000)
InstallProtocolInterface: 5053697E-2CBC-4819-90D9-0580DEEE5754 0
Loading driver F0E6A44F-7195-41C3-AC64-54F202CD0A21
InstallProtocolInterface: 5B1B31A1-9562-11D2-8E3F-00A0C969723B 17EE76040
InvalidateInstructionCacheRange:RISC-V unsupported function.
Invalidating the whole instruction cache instead.
Loading driver at 0x0017F968000 EntryPoint=0x0017F96828A SecureBootConfigDxe.efi
InstallProtocolInterface: BC62157E-3E33-4FEC-9920-2D3B36D750DF 17EE76F18
ProtectUefiImageCommon - 0x7EE76040
  - 0x000000017F968000 - 0x00000000000A9F40
InstallProtocolInterface: 09576E91-6D3F-11D2-8E39-00A0C969723B 17EE76C98
InstallProtocolInterface: 330D4706-F2A0-4E4F-A369-B66FA8D54385 17F9FB028
InstallProtocolInterface: 09576E91-6D3F-11D2-8E39-00A0C969723B 17F9FA570
InstallProtocolInterface: 330D4706-F2A0-4E4F-A369-B66FA8D54385 17EE73EA0
InstallProtocolInterface: F0E6A44F-7195-41C3-AC64-54F202CD0A21 17EE73E98
Loading driver AD608272-D07F-4964-801E-7BD3B7888652
InstallProtocolInterface: 5B1B31A1-9562-11D2-8E3F-00A0C969723B 17EE72D40
InvalidateInstructionCacheRange:RISC-V unsupported function.
Invalidating the whole instruction cache instead.
Loading driver at 0x0017FD39000 EntryPoint=0x0017FD3A04A MonotonicCounterRuntimeDxe.efi
InstallProtocolInterface: BC62157E-3E33-4FEC-9920-2D3B36D750DF 17EE72C18
ProtectUefiImageCommon - 0x7EE72D40
  - 0x000000017FD39000 - 0x000000000000A000
SetUefiImageMemoryAttributes - 0x000000017FD39000 - 0x0000000000001000 (0x0000000000004000)
SetUefiImageMemoryAttributes - 0x000000017FD3A000 - 0x0000000000007000 (0x0000000000020000)
SetUefiImageMemoryAttributes - 0x000000017FD41000 - 0x0000000000002000 (0x0000000000004000)
Qingyu VariableSmmRuntimeDxe debug: line.281
[Penglai@Monitor] host interface SBI_SMM_COMMUNICATE (funcid:129d) 
[Penglai@Monitor] mm interface SBI_COVE_SMM_EVENT_COMPLETE (funcid:130d) 
Qingyu VariableSmmRuntimeDxe debug: line.288
InstallProtocolInterface: 1DA97072-BDDC-4B30-99F1-72A0B56FFF2A 0
Loading driver B336F62D-4135-4A55-AE4E-4971BBF0885D
InstallProtocolInterface: 5B1B31A1-9562-11D2-8E3F-00A0C969723B 17EE71040
InvalidateInstructionCacheRange:RISC-V unsupported function.
Invalidating the whole instruction cache instead.
Loading driver at 0x0017FD2E000 EntryPoint=0x0017FD2F04A RealTimeClock.efi
InstallProtocolInterface: BC62157E-3E33-4FEC-9920-2D3B36D750DF 17EE71D18
ProtectUefiImageCommon - 0x7EE71040
  - 0x000000017FD2E000 - 0x000000000000B000
SetUefiImageMemoryAttributes - 0x000000017FD2E000 - 0x0000000000001000 (0x0000000000004000)
SetUefiImageMemoryAttributes - 0x000000017FD2F000 - 0x0000000000008000 (0x0000000000020000)
SetUefiImageMemoryAttributes - 0x000000017FD37000 - 0x0000000000002000 (0x0000000000004000)
InitializeRealTimeClock: using default timezone/daylight settings
InstallProtocolInterface: 27CFAC87-46CC-11D4-9A38-0090273FC14D 0
Loading driver E660EA85-058E-4B55-A54B-F02F83A24707
InstallProtocolInterface: 5B1B31A1-9562-11D2-8E3F-00A0C969723B 17EE71440
InvalidateInstructionCacheRange:RISC-V unsupported function.
Invalidating the whole instruction cache instead.
Loading driver at 0x0017F944000 EntryPoint=0x0017F94428A DisplayEngine.efi
InstallProtocolInterface: BC62157E-3E33-4FEC-9920-2D3B36D750DF 17EE71818
ProtectUefiImageCommon - 0x7EE71440
  - 0x000000017F944000 - 0x0000000000023400
InstallProtocolInterface: 9BBE29E9-FDA1-41EC-AD52-452213742D2E 17F965848
InstallProtocolInterface: 4311EDC0-6054-46D4-9E40-893EA952FCCC 17F965860
Loading driver EBF8ED7C-0DD1-4787-84F1-F48D537DCACF
InstallProtocolInterface: 5B1B31A1-9562-11D2-8E3F-00A0C969723B 17EE6AC40
InvalidateInstructionCacheRange:RISC-V unsupported function.
Invalidating the whole instruction cache instead.
Loading driver at 0x0017F936000 EntryPoint=0x0017F93628A DriverHealthManagerDxe.efi
InstallProtocolInterface: BC62157E-3E33-4FEC-9920-2D3B36D750DF 17EE6AB18
ProtectUefiImageCommon - 0x7EE6AC40
  - 0x000000017F936000 - 0x000000000000DDC0
InstallProtocolInterface: 09576E91-6D3F-11D2-8E39-00A0C969723B 17F943528
InstallProtocolInterface: 330D4706-F2A0-4E4F-A369-B66FA8D54385 17F943500
Loading driver 6D33944A-EC75-4855-A54D-809C75241F6C
InstallProtocolInterface: 5B1B31A1-9562-11D2-8E3F-00A0C969723B 17EE67040
InvalidateInstructionCacheRange:RISC-V unsupported function.
Invalidating the whole instruction cache instead.
Loading driver at 0x0017F90B000 EntryPoint=0x0017F90B28A BdsDxe.efi
InstallProtocolInterface: BC62157E-3E33-4FEC-9920-2D3B36D750DF 17EE67598
ProtectUefiImageCommon - 0x7EE67040
  - 0x000000017F90B000 - 0x000000000002A5C0
Found FwCfg @ 0x10100008/0x10100000
Found FwCfg DMA @ 0x10100010
InstallProtocolInterface: 665E3FF6-46CC-11D4-9A38-0090273FC14D 17F934208
Loading driver 9D1DD27F-6D7F-427B-AEC4-B62F6279C2F1
InstallProtocolInterface: 5B1B31A1-9562-11D2-8E3F-00A0C969723B 17EE66BC0
InvalidateInstructionCacheRange:RISC-V unsupported function.
Invalidating the whole instruction cache instead.
Loading driver at 0x0017F903000 EntryPoint=0x0017F90328A PlatformHasAcpiDtDxe.efi
InstallProtocolInterface: BC62157E-3E33-4FEC-9920-2D3B36D750DF 17EE66A18
ProtectUefiImageCommon - 0x7EE66BC0
  - 0x000000017F903000 - 0x0000000000007A00
Found FwCfg @ 0x10100008/0x10100000
Found FwCfg DMA @ 0x10100010
InstallProtocolInterface: 7EBB920D-1AAF-46D9-B2AF-541E1DCE148B 0
Loading driver D9DCC5DF-4007-435E-9098-8970935504B2
InstallProtocolInterface: 5B1B31A1-9562-11D2-8E3F-00A0C969723B 17EE66140
InvalidateInstructionCacheRange:RISC-V unsupported function.
Invalidating the whole instruction cache instead.
Loading driver at 0x0017F8F5000 EntryPoint=0x0017F8F528A PlatformDxe.efi
InstallProtocolInterface: BC62157E-3E33-4FEC-9920-2D3B36D750DF 17EE66718
ProtectUefiImageCommon - 0x7EE66140
  - 0x000000017F8F5000 - 0x000000000000DBC0
InstallProtocolInterface: 09576E91-6D3F-11D2-8E39-00A0C969723B 17F902370
InstallProtocolInterface: 330D4706-F2A0-4E4F-A369-B66FA8D54385 17F902480
Loading driver 28A03FF4-12B3-4305-A417-BB1A4F94081E
InstallProtocolInterface: 5B1B31A1-9562-11D2-8E3F-00A0C969723B 17EE650C0
InvalidateInstructionCacheRange:RISC-V unsupported function.
Invalidating the whole instruction cache instead.
Loading driver at 0x0017F8DF000 EntryPoint=0x0017F8DF28A RamDiskDxe.efi
InstallProtocolInterface: BC62157E-3E33-4FEC-9920-2D3B36D750DF 17EE65318
ProtectUefiImageCommon - 0x7EE650C0
  - 0x000000017F8DF000 - 0x0000000000015240
InstallProtocolInterface: 09576E91-6D3F-11D2-8E39-00A0C969723B 17EE65518
InstallProtocolInterface: 330D4706-F2A0-4E4F-A369-B66FA8D54385 17F8F2F28
InstallProtocolInterface: 09576E91-6D3F-11D2-8E39-00A0C969723B 17F8F2C18
InstallProtocolInterface: 330D4706-F2A0-4E4F-A369-B66FA8D54385 17EE62EB0
InstallProtocolInterface: AB38A0DF-6873-44A9-87E6-D4EB56148449 17F8F2BC8
InstallProtocolInterface: 28A03FF4-12B3-4305-A417-BB1A4F94081E 17EE62E98
Loading driver 51CCF399-4FDF-4E55-A45B-E123F84D456A
InstallProtocolInterface: 5B1B31A1-9562-11D2-8E3F-00A0C969723B 17EE630C0
InvalidateInstructionCacheRange:RISC-V unsupported function.
Invalidating the whole instruction cache instead.
Loading driver at 0x0017F8D4000 EntryPoint=0x0017F8D428A ConPlatformDxe.efi
InstallProtocolInterface: BC62157E-3E33-4FEC-9920-2D3B36D750DF 17EE63318
ProtectUefiImageCommon - 0x7EE630C0
  - 0x000000017F8D4000 - 0x000000000000A400
InstallProtocolInterface: 18A031AB-B443-4D1A-A5C0-0C09261E9F71 17F8DDCC8
InstallProtocolInterface: 107A772C-D5E1-11D4-9A46-0090273FC14D 17F8DDD28
InstallProtocolInterface: 6A7A5CFF-E8D9-4F70-BADA-75AB3025CE14 17F8DDD40
InstallProtocolInterface: 18A031AB-B443-4D1A-A5C0-0C09261E9F71 17F8DDCF8
InstallProtocolInterface: 107A772C-D5E1-11D4-9A46-0090273FC14D 17F8DDD28
InstallProtocolInterface: 6A7A5CFF-E8D9-4F70-BADA-75AB3025CE14 17F8DDD40
Loading driver 408EDCEC-CF6D-477C-A5A8-B4844E3DE281
InstallProtocolInterface: 5B1B31A1-9562-11D2-8E3F-00A0C969723B 17EE610C0
InvalidateInstructionCacheRange:RISC-V unsupported function.
Invalidating the whole instruction cache instead.
Loading driver at 0x0017F8C3000 EntryPoint=0x0017F8C328A ConSplitterDxe.efi
InstallProtocolInterface: BC62157E-3E33-4FEC-9920-2D3B36D750DF 17EE61918
ProtectUefiImageCommon - 0x7EE610C0
  - 0x000000017F8C3000 - 0x0000000000010600
InstallProtocolInterface: 18A031AB-B443-4D1A-A5C0-0C09261E9F71 17F8D29E8
InstallProtocolInterface: 107A772C-D5E1-11D4-9A46-0090273FC14D 17F8D2AD8
InstallProtocolInterface: 6A7A5CFF-E8D9-4F70-BADA-75AB3025CE14 17F8D2AF0
InstallProtocolInterface: 18A031AB-B443-4D1A-A5C0-0C09261E9F71 17F8D2A78
InstallProtocolInterface: 107A772C-D5E1-11D4-9A46-0090273FC14D 17F8D2B08
InstallProtocolInterface: 6A7A5CFF-E8D9-4F70-BADA-75AB3025CE14 17F8D2B20
InstallProtocolInterface: 18A031AB-B443-4D1A-A5C0-0C09261E9F71 17F8D2AA8
InstallProtocolInterface: 107A772C-D5E1-11D4-9A46-0090273FC14D 17F8D2B38
InstallProtocolInterface: 6A7A5CFF-E8D9-4F70-BADA-75AB3025CE14 17F8D2B50
InstallProtocolInterface: 18A031AB-B443-4D1A-A5C0-0C09261E9F71 17F8D2A18
InstallProtocolInterface: 107A772C-D5E1-11D4-9A46-0090273FC14D 17F8D2B68
InstallProtocolInterface: 6A7A5CFF-E8D9-4F70-BADA-75AB3025CE14 17F8D2B80
InstallProtocolInterface: 18A031AB-B443-4D1A-A5C0-0C09261E9F71 17F8D2A48
InstallProtocolInterface: 107A772C-D5E1-11D4-9A46-0090273FC14D 17F8D2B98
InstallProtocolInterface: 6A7A5CFF-E8D9-4F70-BADA-75AB3025CE14 17F8D2BB0
InstallProtocolInterface: 387477C1-69C7-11D2-8E39-00A0C969723B 17F8D2618
InstallProtocolInterface: DD9E7534-7762-4698-8C14-F58517A625AA 17F8D2648
InstallProtocolInterface: 31878C87-0B75-11D5-9A4F-0090273FC14D 17F8D26B8
InstallProtocolInterface: 8D59D32B-C655-4AE9-9B15-F25904992A43 17F8D2710
InstallProtocolInterface: 387477C2-69C7-11D2-8E39-00A0C969723B 17F8D27D8
InstallProtocolInterface: 387477C2-69C7-11D2-8E39-00A0C969723B 17F8D28E8
Loading driver CCCB0C28-4B24-11D5-9A5A-0090273FC14D
InstallProtocolInterface: 5B1B31A1-9562-11D2-8E3F-00A0C969723B 17EE5D040
InvalidateInstructionCacheRange:RISC-V unsupported function.
Invalidating the whole instruction cache instead.
Loading driver at 0x0017F8B5000 EntryPoint=0x0017F8B528A GraphicsConsoleDxe.efi
InstallProtocolInterface: BC62157E-3E33-4FEC-9920-2D3B36D750DF 17EE5DD98
ProtectUefiImageCommon - 0x7EE5D040
  - 0x000000017F8B5000 - 0x000000000000D940
InstallProtocolInterface: 18A031AB-B443-4D1A-A5C0-0C09261E9F71 17F8C0CC0
InstallProtocolInterface: 107A772C-D5E1-11D4-9A46-0090273FC14D 17F8C0CF0
InstallProtocolInterface: 6A7A5CFF-E8D9-4F70-BADA-75AB3025CE14 17F8C0D08
Loading driver 9E863906-A40F-4875-977F-5B93FF237FC6
InstallProtocolInterface: 5B1B31A1-9562-11D2-8E3F-00A0C969723B 17EE5D4C0
InvalidateInstructionCacheRange:RISC-V unsupported function.
Invalidating the whole instruction cache instead.
Loading driver at 0x0017F8A3000 EntryPoint=0x0017F8A328A TerminalDxe.efi
InstallProtocolInterface: BC62157E-3E33-4FEC-9920-2D3B36D750DF 17EE5CF98
ProtectUefiImageCommon - 0x7EE5D4C0
  - 0x000000017F8A3000 - 0x0000000000011940
InstallProtocolInterface: 18A031AB-B443-4D1A-A5C0-0C09261E9F71 17F8B37C8
InstallProtocolInterface: 107A772C-D5E1-11D4-9A46-0090273FC14D 17F8B3A10
InstallProtocolInterface: 6A7A5CFF-E8D9-4F70-BADA-75AB3025CE14 17F8B3A28
Loading driver 6B38F7B4-AD98-40E9-9093-ACA2B5A253C4
InstallProtocolInterface: 5B1B31A1-9562-11D2-8E3F-00A0C969723B 17EE5C7C0
InvalidateInstructionCacheRange:RISC-V unsupported function.
Invalidating the whole instruction cache instead.
Loading driver at 0x0017F897000 EntryPoint=0x0017F89728A DiskIoDxe.efi
InstallProtocolInterface: BC62157E-3E33-4FEC-9920-2D3B36D750DF 17EE5C598
ProtectUefiImageCommon - 0x7EE5C7C0
  - 0x000000017F897000 - 0x000000000000B680
InstallProtocolInterface: 18A031AB-B443-4D1A-A5C0-0C09261E9F71 17F8A1EC8
InstallProtocolInterface: 107A772C-D5E1-11D4-9A46-0090273FC14D 17F8A1F80
InstallProtocolInterface: 6A7A5CFF-E8D9-4F70-BADA-75AB3025CE14 17F8A1F98
Loading driver 1FA1F39E-FEFF-4AAE-BD7B-38A070A3B609
InstallProtocolInterface: 5B1B31A1-9562-11D2-8E3F-00A0C969723B 17EE5B040
InvalidateInstructionCacheRange:RISC-V unsupported function.
Invalidating the whole instruction cache instead.
Loading driver at 0x0017F888000 EntryPoint=0x0017F88828A PartitionDxe.efi
InstallProtocolInterface: BC62157E-3E33-4FEC-9920-2D3B36D750DF 17EE5BD98
ProtectUefiImageCommon - 0x7EE5B040
  - 0x000000017F888000 - 0x000000000000EEC0
InstallProtocolInterface: 18A031AB-B443-4D1A-A5C0-0C09261E9F71 17F8965C8
InstallProtocolInterface: 107A772C-D5E1-11D4-9A46-0090273FC14D 17F896618
InstallProtocolInterface: 6A7A5CFF-E8D9-4F70-BADA-75AB3025CE14 17F896630
Loading driver 961578FE-B6B7-44C3-AF35-6BC705CD2B1F
InstallProtocolInterface: 5B1B31A1-9562-11D2-8E3F-00A0C969723B 17EE5B340
InvalidateInstructionCacheRange:RISC-V unsupported function.
Invalidating the whole instruction cache instead.
Loading driver at 0x0017F874000 EntryPoint=0x0017F87428A Fat.efi
InstallProtocolInterface: BC62157E-3E33-4FEC-9920-2D3B36D750DF 17EE5B618
ProtectUefiImageCommon - 0x7EE5B340
  - 0x000000017F874000 - 0x0000000000014000
InstallProtocolInterface: 18A031AB-B443-4D1A-A5C0-0C09261E9F71 17F887588
InstallProtocolInterface: 107A772C-D5E1-11D4-9A46-0090273FC14D 17F8875B8
InstallProtocolInterface: 6A7A5CFF-E8D9-4F70-BADA-75AB3025CE14 17F8875D0
Loading driver CD3BAFB6-50FB-4FE8-8E4E-AB74D2C1A600
InstallProtocolInterface: 5B1B31A1-9562-11D2-8E3F-00A0C969723B 17EE5AC40
InvalidateInstructionCacheRange:RISC-V unsupported function.
Invalidating the whole instruction cache instead.
Loading driver at 0x0017F86C000 EntryPoint=0x0017F86C28A EnglishDxe.efi
InstallProtocolInterface: BC62157E-3E33-4FEC-9920-2D3B36D750DF 17EE5AB18
ProtectUefiImageCommon - 0x7EE5AC40
  - 0x000000017F86C000 - 0x0000000000007480
InstallProtocolInterface: 1D85CD7F-F43D-11D2-9A0C-0090273FC14D 17F872B28
InstallProtocolInterface: A4C751FC-23AE-4C3E-92E9-4964CF63F349 17F872B60
Loading driver 905F13B0-8F91-4B0A-BD76-E1E78F9422E4
InstallProtocolInterface: 5B1B31A1-9562-11D2-8E3F-00A0C969723B 17EE58040
InvalidateInstructionCacheRange:RISC-V unsupported function.
Invalidating the whole instruction cache instead.
Loading driver at 0x0017F85D000 EntryPoint=0x0017F85D28A UdfDxe.efi
InstallProtocolInterface: BC62157E-3E33-4FEC-9920-2D3B36D750DF 17EE5A518
ProtectUefiImageCommon - 0x7EE58040
  - 0x000000017F85D000 - 0x000000000000E900
InstallProtocolInterface: 18A031AB-B443-4D1A-A5C0-0C09261E9F71 17F86AFC8
InstallProtocolInterface: 107A772C-D5E1-11D4-9A46-0090273FC14D 17F86B008
InstallProtocolInterface: 6A7A5CFF-E8D9-4F70-BADA-75AB3025CE14 17F86B020
Loading driver 7BD9DDF7-8B83-488E-AEC9-24C78610289C
InstallProtocolInterface: 5B1B31A1-9562-11D2-8E3F-00A0C969723B 17EE589C0
InvalidateInstructionCacheRange:RISC-V unsupported function.
Invalidating the whole instruction cache instead.
Loading driver at 0x0017F84A000 EntryPoint=0x0017F84A28A VirtioFsDxe.efi
InstallProtocolInterface: BC62157E-3E33-4FEC-9920-2D3B36D750DF 17EE58898
ProtectUefiImageCommon - 0x7EE589C0
  - 0x000000017F84A000 - 0x0000000000012500
InstallProtocolInterface: 18A031AB-B443-4D1A-A5C0-0C09261E9F71 17F85B9C8
InstallProtocolInterface: 6A7A5CFF-E8D9-4F70-BADA-75AB3025CE14 17F85B9F8
Loading driver 11D92DFB-3CA9-4F93-BA2E-4780ED3E03B5
InstallProtocolInterface: 5B1B31A1-9562-11D2-8E3F-00A0C969723B 17EE57040
InvalidateInstructionCacheRange:RISC-V unsupported function.
Invalidating the whole instruction cache instead.
Loading driver at 0x0017F840000 EntryPoint=0x0017F84028A VirtioBlkDxe.efi
InstallProtocolInterface: BC62157E-3E33-4FEC-9920-2D3B36D750DF 17EE57E18
ProtectUefiImageCommon - 0x7EE57040
  - 0x000000017F840000 - 0x0000000000009980
InstallProtocolInterface: 18A031AB-B443-4D1A-A5C0-0C09261E9F71 17F849308
InstallProtocolInterface: 107A772C-D5E1-11D4-9A46-0090273FC14D 17F849358
InstallProtocolInterface: 6A7A5CFF-E8D9-4F70-BADA-75AB3025CE14 17F849370
Loading driver A92CDB4B-82F1-4E0B-A516-8A655D371524
InstallProtocolInterface: 5B1B31A1-9562-11D2-8E3F-00A0C969723B 17EE573C0
InvalidateInstructionCacheRange:RISC-V unsupported function.
Invalidating the whole instruction cache instead.
Loading driver at 0x0017F832000 EntryPoint=0x0017F83228A VirtioNetDxe.efi
InstallProtocolInterface: BC62157E-3E33-4FEC-9920-2D3B36D750DF 17EE57698
ProtectUefiImageCommon - 0x7EE573C0
  - 0x000000017F832000 - 0x000000000000DCC0
InstallProtocolInterface: 18A031AB-B443-4D1A-A5C0-0C09261E9F71 17F83F578
InstallProtocolInterface: 107A772C-D5E1-11D4-9A46-0090273FC14D 17F83F548
InstallProtocolInterface: 6A7A5CFF-E8D9-4F70-BADA-75AB3025CE14 17F83F560
Loading driver FAB5D4F4-83C0-4AAF-8480-442D11DF6CEA
InstallProtocolInterface: 5B1B31A1-9562-11D2-8E3F-00A0C969723B 17EE54BC0
InvalidateInstructionCacheRange:RISC-V unsupported function.
Invalidating the whole instruction cache instead.
Loading driver at 0x0017F827000 EntryPoint=0x0017F82728A VirtioScsiDxe.efi
InstallProtocolInterface: BC62157E-3E33-4FEC-9920-2D3B36D750DF 17EE54798
ProtectUefiImageCommon - 0x7EE54BC0
  - 0x000000017F827000 - 0x000000000000A500
InstallProtocolInterface: 18A031AB-B443-4D1A-A5C0-0C09261E9F71 17F830E08
InstallProtocolInterface: 107A772C-D5E1-11D4-9A46-0090273FC14D 17F830E58
InstallProtocolInterface: 6A7A5CFF-E8D9-4F70-BADA-75AB3025CE14 17F830E70
Loading driver 58E26F0D-CBAC-4BBA-B70F-18221415665A
InstallProtocolInterface: 5B1B31A1-9562-11D2-8E3F-00A0C969723B 17EE541C0
InvalidateInstructionCacheRange:RISC-V unsupported function.
Invalidating the whole instruction cache instead.
Loading driver at 0x0017F81D000 EntryPoint=0x0017F81D28A VirtioRngDxe.efi
InstallProtocolInterface: BC62157E-3E33-4FEC-9920-2D3B36D750DF 17EE49F98
ProtectUefiImageCommon - 0x7EE541C0
  - 0x000000017F81D000 - 0x0000000000009100
InstallProtocolInterface: 18A031AB-B443-4D1A-A5C0-0C09261E9F71 17F825A98
InstallProtocolInterface: 107A772C-D5E1-11D4-9A46-0090273FC14D 17F825AE8
InstallProtocolInterface: 6A7A5CFF-E8D9-4F70-BADA-75AB3025CE14 17F825B00
Loading driver 806040CA-DAD9-4978-A3B4-2D2AB0C8A48F
InstallProtocolInterface: 5B1B31A1-9562-11D2-8E3F-00A0C969723B 17EE49140
InvalidateInstructionCacheRange:RISC-V unsupported function.
Invalidating the whole instruction cache instead.
Loading driver at 0x0017F813000 EntryPoint=0x0017F81328A QemuKernelLoaderFsDxe.efi
InstallProtocolInterface: BC62157E-3E33-4FEC-9920-2D3B36D750DF 17EE49B18
ProtectUefiImageCommon - 0x7EE49140
  - 0x000000017F813000 - 0x0000000000009E80
Found FwCfg @ 0x10100008/0x10100000
Found FwCfg DMA @ 0x10100010
Error: Image at 0017F813000 start failed: Not Found
Loading driver 0167CCC4-D0F7-4F21-A3EF-9E64B7CDCE8B
InstallProtocolInterface: 5B1B31A1-9562-11D2-8E3F-00A0C969723B 17EE49140
InvalidateInstructionCacheRange:RISC-V unsupported function.
Invalidating the whole instruction cache instead.
Loading driver at 0x0017F812000 EntryPoint=0x0017F81228A ScsiBus.efi
InstallProtocolInterface: BC62157E-3E33-4FEC-9920-2D3B36D750DF 17EE49A98
ProtectUefiImageCommon - 0x7EE49140
  - 0x000000017F812000 - 0x000000000000AE00
InstallProtocolInterface: 18A031AB-B443-4D1A-A5C0-0C09261E9F71 17F81C708
InstallProtocolInterface: 107A772C-D5E1-11D4-9A46-0090273FC14D 17F81C738
InstallProtocolInterface: 6A7A5CFF-E8D9-4F70-BADA-75AB3025CE14 17F81C750
Loading driver 0A66E322-3740-4CCE-AD62-BD172CECCA35
InstallProtocolInterface: 5B1B31A1-9562-11D2-8E3F-00A0C969723B 17EE53040
InvalidateInstructionCacheRange:RISC-V unsupported function.
Invalidating the whole instruction cache instead.
Loading driver at 0x0017F7FD000 EntryPoint=0x0017F7FD28A ScsiDisk.efi
InstallProtocolInterface: BC62157E-3E33-4FEC-9920-2D3B36D750DF 17EE53E98
ProtectUefiImageCommon - 0x7EE53040
  - 0x000000017F7FD000 - 0x0000000000014C80
InstallProtocolInterface: 18A031AB-B443-4D1A-A5C0-0C09261E9F71 17F811188
InstallProtocolInterface: 107A772C-D5E1-11D4-9A46-0090273FC14D 17F8111E8
InstallProtocolInterface: 6A7A5CFF-E8D9-4F70-BADA-75AB3025CE14 17F811200
Loading driver 820C59BB-274C-43B2-83EA-DAC673035A59
InstallProtocolInterface: 5B1B31A1-9562-11D2-8E3F-00A0C969723B 17EE533C0
InvalidateInstructionCacheRange:RISC-V unsupported function.
Invalidating the whole instruction cache instead.
Loading driver at 0x0017F7F3000 EntryPoint=0x0017F7F328A SataController.efi
InstallProtocolInterface: BC62157E-3E33-4FEC-9920-2D3B36D750DF 17EE53798
ProtectUefiImageCommon - 0x7EE533C0
  - 0x000000017F7F3000 - 0x0000000000009B00
InstallProtocolInterface: 18A031AB-B443-4D1A-A5C0-0C09261E9F71 17F7FC408
InstallProtocolInterface: 107A772C-D5E1-11D4-9A46-0090273FC14D 17F7FC438
InstallProtocolInterface: 6A7A5CFF-E8D9-4F70-BADA-75AB3025CE14 17F7FC450
Loading driver 19DF145A-B1D4-453F-8507-38816676D7F6
InstallProtocolInterface: 5B1B31A1-9562-11D2-8E3F-00A0C969723B 17EE51C40
InvalidateInstructionCacheRange:RISC-V unsupported function.
Invalidating the whole instruction cache instead.
Loading driver at 0x0017F7E5000 EntryPoint=0x0017F7E528A AtaBusDxe.efi
InstallProtocolInterface: BC62157E-3E33-4FEC-9920-2D3B36D750DF 17EE51918
ProtectUefiImageCommon - 0x7EE51C40
  - 0x000000017F7E5000 - 0x000000000000DF40
InstallProtocolInterface: 18A031AB-B443-4D1A-A5C0-0C09261E9F71 17F7F2588
InstallProtocolInterface: 107A772C-D5E1-11D4-9A46-0090273FC14D 17F7F2800
InstallProtocolInterface: 6A7A5CFF-E8D9-4F70-BADA-75AB3025CE14 17F7F2818
Loading driver 5E523CB4-D397-4986-87BD-A6DD8B22F455
InstallProtocolInterface: 5B1B31A1-9562-11D2-8E3F-00A0C969723B 17EE51340
InvalidateInstructionCacheRange:RISC-V unsupported function.
Invalidating the whole instruction cache instead.
Loading driver at 0x0017F7CE000 EntryPoint=0x0017F7CE28A AtaAtapiPassThruDxe.efi
InstallProtocolInterface: BC62157E-3E33-4FEC-9920-2D3B36D750DF 17EE50B18
ProtectUefiImageCommon - 0x7EE51340
  - 0x000000017F7CE000 - 0x0000000000016540
InstallProtocolInterface: 18A031AB-B443-4D1A-A5C0-0C09261E9F71 17F7E3908
InstallProtocolInterface: 107A772C-D5E1-11D4-9A46-0090273FC14D 17F7E3B58
InstallProtocolInterface: 6A7A5CFF-E8D9-4F70-BADA-75AB3025CE14 17F7E3B70
Loading driver 5BE3BDF4-53CF-46A3-A6A9-73C34A6E5EE3
InstallProtocolInterface: 5B1B31A1-9562-11D2-8E3F-00A0C969723B 17EE507C0
InvalidateInstructionCacheRange:RISC-V unsupported function.
Invalidating the whole instruction cache instead.
Loading driver at 0x0017F7B9000 EntryPoint=0x0017F7B928A NvmExpressDxe.efi
InstallProtocolInterface: BC62157E-3E33-4FEC-9920-2D3B36D750DF 17EE50698
ProtectUefiImageCommon - 0x7EE507C0
  - 0x000000017F7B9000 - 0x0000000000014EC0
InstallProtocolInterface: 18A031AB-B443-4D1A-A5C0-0C09261E9F71 17F7CD088
InstallProtocolInterface: 107A772C-D5E1-11D4-9A46-0090273FC14D 17F7CD100
InstallProtocolInterface: 6A7A5CFF-E8D9-4F70-BADA-75AB3025CE14 17F7CD118
InstallProtocolInterface: 5C198761-16A8-4E69-972C-89D67954F81D 17F7CD0B8
Loading driver B8E62775-BB0A-43F0-A843-5BE8B14F8CCD
InstallProtocolInterface: 5B1B31A1-9562-11D2-8E3F-00A0C969723B 17EE4FB40
InvalidateInstructionCacheRange:RISC-V unsupported function.
Invalidating the whole instruction cache instead.
Loading driver at 0x0017F7AF000 EntryPoint=0x0017F7AF28A BootGraphicsResourceTableDxe.efi
InstallProtocolInterface: BC62157E-3E33-4FEC-9920-2D3B36D750DF 17EE4F098
ProtectUefiImageCommon - 0x7EE4FB40
  - 0x000000017F7AF000 - 0x0000000000009400
InstallProtocolInterface: CDEA2BD3-FC25-4C1C-B97C-B31186064990 17F7B7D48
InstallProtocolInterface: 4B5DC1DF-1EAA-48B2-A7E9-EAC489A00B5C 17F7B7D50
Loading driver 93B80004-9FB3-11D4-9A3A-0090273FC14D
InstallProtocolInterface: 5B1B31A1-9562-11D2-8E3F-00A0C969723B 17EE4F340
InvalidateInstructionCacheRange:RISC-V unsupported function.
Invalidating the whole instruction cache instead.
Loading driver at 0x0017F78F000 EntryPoint=0x0017F78F28A PciBusDxe.efi
InstallProtocolInterface: BC62157E-3E33-4FEC-9920-2D3B36D750DF 17EE4E018
ProtectUefiImageCommon - 0x7EE4F340
  - 0x000000017F78F000 - 0x000000000001F400
InstallProtocolInterface: 18A031AB-B443-4D1A-A5C0-0C09261E9F71 17F7AD3C8
InstallProtocolInterface: 107A772C-D5E1-11D4-9A46-0090273FC14D 17F7AD410
InstallProtocolInterface: 6A7A5CFF-E8D9-4F70-BADA-75AB3025CE14 17F7AD428
InstallProtocolInterface: 19CB87AB-2CB9-4665-8360-DDCF6054F79D 17F7AD408
Loading driver 83DD3B39-7CAF-4FAC-A542-E050B767E3A7
InstallProtocolInterface: 5B1B31A1-9562-11D2-8E3F-00A0C969723B 17EE4E140
InvalidateInstructionCacheRange:RISC-V unsupported function.
Invalidating the whole instruction cache instead.
Loading driver at 0x0017F785000 EntryPoint=0x0017F78528A VirtioPciDeviceDxe.efi
InstallProtocolInterface: BC62157E-3E33-4FEC-9920-2D3B36D750DF 17EE4E718
ProtectUefiImageCommon - 0x7EE4E140
  - 0x000000017F785000 - 0x00000000000090C0
InstallProtocolInterface: 18A031AB-B443-4D1A-A5C0-0C09261E9F71 17F78D9D8
InstallProtocolInterface: 107A772C-D5E1-11D4-9A46-0090273FC14D 17F78DA28
InstallProtocolInterface: 6A7A5CFF-E8D9-4F70-BADA-75AB3025CE14 17F78DA40
Loading driver 0170F60C-1D40-4651-956D-F0BD9879D527
InstallProtocolInterface: 5B1B31A1-9562-11D2-8E3F-00A0C969723B 17EE4D040
InvalidateInstructionCacheRange:RISC-V unsupported function.
Invalidating the whole instruction cache instead.
Loading driver at 0x0017F778000 EntryPoint=0x0017F77828A Virtio10.efi
InstallProtocolInterface: BC62157E-3E33-4FEC-9920-2D3B36D750DF 17EE4DE98
ProtectUefiImageCommon - 0x7EE4D040
  - 0x000000017F778000 - 0x000000000000C400
InstallProtocolInterface: 18A031AB-B443-4D1A-A5C0-0C09261E9F71 17F783C98
InstallProtocolInterface: 107A772C-D5E1-11D4-9A46-0090273FC14D 17F783CE8
InstallProtocolInterface: 6A7A5CFF-E8D9-4F70-BADA-75AB3025CE14 17F783D00
Loading driver D6099B94-CD97-4CC5-8714-7F6312701A8A
InstallProtocolInterface: 5B1B31A1-9562-11D2-8E3F-00A0C969723B 17EE4D3C0
InvalidateInstructionCacheRange:RISC-V unsupported function.
Invalidating the whole instruction cache instead.
Loading driver at 0x0017F76A000 EntryPoint=0x0017F76A28A VirtioGpuDxe.efi
InstallProtocolInterface: BC62157E-3E33-4FEC-9920-2D3B36D750DF 17EE4D798
ProtectUefiImageCommon - 0x7EE4D3C0
  - 0x000000017F76A000 - 0x000000000000DAC0
InstallProtocolInterface: 18A031AB-B443-4D1A-A5C0-0C09261E9F71 17F777380
InstallProtocolInterface: 6A7A5CFF-E8D9-4F70-BADA-75AB3025CE14 17F777368
Loading driver 2FB92EFA-2EE0-4BAE-9EB6-7464125E1EF7
InstallProtocolInterface: 5B1B31A1-9562-11D2-8E3F-00A0C969723B 17EE4CC40
InvalidateInstructionCacheRange:RISC-V unsupported function.
Invalidating the whole instruction cache instead.
Loading driver at 0x0017F75A000 EntryPoint=0x0017F75A28A UhciDxe.efi
InstallProtocolInterface: BC62157E-3E33-4FEC-9920-2D3B36D750DF 17EE4C718
ProtectUefiImageCommon - 0x7EE4CC40
  - 0x000000017F75A000 - 0x000000000000FCC0
InstallProtocolInterface: 18A031AB-B443-4D1A-A5C0-0C09261E9F71 17F769488
InstallProtocolInterface: 107A772C-D5E1-11D4-9A46-0090273FC14D 17F7694B8
InstallProtocolInterface: 6A7A5CFF-E8D9-4F70-BADA-75AB3025CE14 17F7694D0
Loading driver BDFE430E-8F2A-4DB0-9991-6F856594777E
InstallProtocolInterface: 5B1B31A1-9562-11D2-8E3F-00A0C969723B 17EE4C340
InvalidateInstructionCacheRange:RISC-V unsupported function.
Invalidating the whole instruction cache instead.
Loading driver at 0x0017F747000 EntryPoint=0x0017F74728A EhciDxe.efi
InstallProtocolInterface: BC62157E-3E33-4FEC-9920-2D3B36D750DF 17EE4BF98
ProtectUefiImageCommon - 0x7EE4C340
  - 0x000000017F747000 - 0x0000000000012AC0
InstallProtocolInterface: 18A031AB-B443-4D1A-A5C0-0C09261E9F71 17F7591B8
InstallProtocolInterface: 107A772C-D5E1-11D4-9A46-0090273FC14D 17F7591E8
InstallProtocolInterface: 6A7A5CFF-E8D9-4F70-BADA-75AB3025CE14 17F759200
Loading driver B7F50E91-A759-412C-ADE4-DCD03E7F7C28
InstallProtocolInterface: 5B1B31A1-9562-11D2-8E3F-00A0C969723B 17EE4B1C0
InvalidateInstructionCacheRange:RISC-V unsupported function.
Invalidating the whole instruction cache instead.
Loading driver at 0x0017F72C000 EntryPoint=0x0017F72C28A XhciDxe.efi
InstallProtocolInterface: BC62157E-3E33-4FEC-9920-2D3B36D750DF 17EE4BA18
ProtectUefiImageCommon - 0x7EE4B1C0
  - 0x000000017F72C000 - 0x000000000001A840
InstallProtocolInterface: 18A031AB-B443-4D1A-A5C0-0C09261E9F71 17F745BD0
InstallProtocolInterface: 107A772C-D5E1-11D4-9A46-0090273FC14D 17F745C70
InstallProtocolInterface: 6A7A5CFF-E8D9-4F70-BADA-75AB3025CE14 17F745C88
Loading driver 240612B7-A063-11D4-9A3A-0090273FC14D
InstallProtocolInterface: 5B1B31A1-9562-11D2-8E3F-00A0C969723B 17EE4A040
InvalidateInstructionCacheRange:RISC-V unsupported function.
Invalidating the whole instruction cache instead.
Loading driver at 0x0017F719000 EntryPoint=0x0017F71928A UsbBusDxe.efi
InstallProtocolInterface: BC62157E-3E33-4FEC-9920-2D3B36D750DF 17EE4AF18
ProtectUefiImageCommon - 0x7EE4A040
  - 0x000000017F719000 - 0x0000000000012E00
InstallProtocolInterface: 18A031AB-B443-4D1A-A5C0-0C09261E9F71 17F72B3F0
InstallProtocolInterface: 107A772C-D5E1-11D4-9A46-0090273FC14D 17F72B4E0
InstallProtocolInterface: 6A7A5CFF-E8D9-4F70-BADA-75AB3025CE14 17F72B4F8
Loading driver 2D2E62CF-9ECF-43B7-8219-94E7FC713DFE
InstallProtocolInterface: 5B1B31A1-9562-11D2-8E3F-00A0C969723B 17EE4A440
InvalidateInstructionCacheRange:RISC-V unsupported function.
Invalidating the whole instruction cache instead.
Loading driver at 0x0017F709000 EntryPoint=0x0017F70928A UsbKbDxe.efi
InstallProtocolInterface: BC62157E-3E33-4FEC-9920-2D3B36D750DF 17EE4A918
ProtectUefiImageCommon - 0x7EE4A440
  - 0x000000017F709000 - 0x000000000000F140
InstallProtocolInterface: 18A031AB-B443-4D1A-A5C0-0C09261E9F71 17F7170C8
InstallProtocolInterface: 107A772C-D5E1-11D4-9A46-0090273FC14D 17F717880
InstallProtocolInterface: 6A7A5CFF-E8D9-4F70-BADA-75AB3025CE14 17F717898
Loading driver 9FB4B4A7-42C0-4BCD-8540-9BCC6711F83E
InstallProtocolInterface: 5B1B31A1-9562-11D2-8E3F-00A0C969723B 17EE48BC0
InvalidateInstructionCacheRange:RISC-V unsupported function.
Invalidating the whole instruction cache instead.
Loading driver at 0x0017F6FC000 EntryPoint=0x0017F6FC28A UsbMassStorageDxe.efi
InstallProtocolInterface: BC62157E-3E33-4FEC-9920-2D3B36D750DF 17EE48718
ProtectUefiImageCommon - 0x7EE48BC0
  - 0x000000017F6FC000 - 0x000000000000CD00
InstallProtocolInterface: 18A031AB-B443-4D1A-A5C0-0C09261E9F71 17F708420
InstallProtocolInterface: 107A772C-D5E1-11D4-9A46-0090273FC14D 17F708510
InstallProtocolInterface: 6A7A5CFF-E8D9-4F70-BADA-75AB3025CE14 17F708528
Driver 9622E42C-8E38-4A08-9E8F-54F784652F6B was discovered but not loaded!!
Driver 17985E6F-E778-4D94-AEFA-C5DD2B77E186 was discovered but not loaded!!
[Bds] Entry...
Qingyu VariableSmmRuntimeDxe debug: line.281
[Penglai@Monitor] host interface SBI_SMM_COMMUNICATE (funcid:129d) 
[Penglai@Monitor] mm interface SBI_COVE_SMM_EVENT_COMPLETE (funcid:130d) 
Qingyu VariableSmmRuntimeDxe debug: line.288
[BdsDxe] Locate Variable Policy protocol - Success
[Penglai@Monitor] host interface SBI_SMM_COMMUNICATE (funcid:129d) 
[Penglai@Monitor] mm interface SBI_COVE_SMM_EVENT_COMPLETE (funcid:130d) 
[Penglai@Monitor] host interface SBI_SMM_COMMUNICATE (funcid:129d) 
[Penglai@Monitor] mm interface SBI_COVE_SMM_EVENT_COMPLETE (funcid:130d) 
[Penglai@Monitor] host interface SBI_SMM_COMMUNICATE (funcid:129d) 
[Penglai@Monitor] mm interface SBI_COVE_SMM_EVENT_COMPLETE (funcid:130d) 
[Penglai@Monitor] host interface SBI_SMM_COMMUNICATE (funcid:129d) 
[Penglai@Monitor] mm interface SBI_COVE_SMM_EVENT_COMPLETE (funcid:130d) 
[Penglai@Monitor] host interface SBI_SMM_COMMUNICATE (funcid:129d) 
[Penglai@Monitor] mm interface SBI_COVE_SMM_EVENT_COMPLETE (funcid:130d) 
Qingyu VariableSmmRuntimeDxe debug: line.281
[Penglai@Monitor] host interface SBI_SMM_COMMUNICATE (funcid:129d) 
[Penglai@Monitor] mm interface SBI_COVE_SMM_EVENT_COMPLETE (funcid:130d) 
Qingyu VariableSmmRuntimeDxe debug: line.288
Qingyu VariableSmmRuntimeDxe debug: line.281
[Penglai@Monitor] host interface SBI_SMM_COMMUNICATE (funcid:129d) 
[Penglai@Monitor] mm interface SBI_COVE_SMM_EVENT_COMPLETE (funcid:130d) 
Qingyu VariableSmmRuntimeDxe debug: line.288
Qingyu VariableSmmRuntimeDxe debug: line.281
[Penglai@Monitor] host interface SBI_SMM_COMMUNICATE (funcid:129d) 
[Penglai@Monitor] mm interface SBI_COVE_SMM_EVENT_COMPLETE (funcid:130d) 
Qingyu VariableSmmRuntimeDxe debug: line.288
Qingyu VariableSmmRuntimeDxe debug: line.281
[Penglai@Monitor] host interface SBI_SMM_COMMUNICATE (funcid:129d) 
[Penglai@Monitor] mm interface SBI_COVE_SMM_EVENT_COMPLETE (funcid:130d) 
Qingyu VariableSmmRuntimeDxe debug: line.288
[Penglai@Monitor] host interface SBI_SMM_COMMUNICATE (funcid:129d) 
[Penglai@Monitor] mm interface SBI_COVE_SMM_EVENT_COMPLETE (funcid:130d) 
Qingyu VariableSmmRuntimeDxe debug: line.281
[Penglai@Monitor] host interface SBI_SMM_COMMUNICATE (funcid:129d) 
[Penglai@Monitor] mm interface SBI_COVE_SMM_EVENT_COMPLETE (funcid:130d) 
Qingyu VariableSmmRuntimeDxe debug: line.288
[Penglai@Monitor] host interface SBI_SMM_COMMUNICATE (funcid:129d) 
[Penglai@Monitor] mm interface SBI_COVE_SMM_EVENT_COMPLETE (funcid:130d) 
PCI Bus First Scanning
PciBus: Discovered PCI @ [00|00|00]  [VID = 0x1B36, DID = 0x8]

PciBus: Discovered PCI @ [00|01|00]  [VID = 0x1B36, DID = 0xD]
   BAR[0]: Type =  Mem64; Alignment = 0x3FFF;	Length = 0x4000;	Offset = 0x10

PCI Bus Second Scanning
PciBus: Discovered PCI @ [00|00|00]  [VID = 0x1B36, DID = 0x8]

PciBus: Discovered PCI @ [00|01|00]  [VID = 0x1B36, DID = 0xD]
   BAR[0]: Type =  Mem64; Alignment = 0x3FFF;	Length = 0x4000;	Offset = 0x10

PciBus: Discovered PCI @ [00|00|00]  [VID = 0x1B36, DID = 0x8]

PciBus: Discovered PCI @ [00|01|00]  [VID = 0x1B36, DID = 0xD]
   BAR[0]: Type =  Mem64; Alignment = 0x3FFF;	Length = 0x4000;	Offset = 0x10

PciHostBridge: SubmitResources for PciRoot(0x0)
 Mem: Granularity/SpecificFlag = 64 / 00
      Length/Alignment = 0x100000 / 0xFFFFF
PciBus: HostBridge->SubmitResources() - Success
PciHostBridge: NotifyPhase (AllocateResources)
 RootBridge: PciRoot(0x0)
  Mem64: Base/Length/Alignment = 400000000/100000/FFFFF - Success
PciBus: HostBridge->NotifyPhase(AllocateResources) - Success
Process Option ROM: BAR Base/Length = 0/0
PciBus: Resource Map for Root Bridge PciRoot(0x0)
Type =  Mem64; Base = 0x400000000;	Length = 0x100000;	Alignment = 0xFFFFF
   Base = 0x400000000;	Length = 0x4000;	Alignment = 0x3FFF;	Owner = PCI [00|01|00:10]

InstallProtocolInterface: 09576E91-6D3F-11D2-8E39-00A0C969723B 17EE48518
InstallProtocolInterface: 4CF5B200-68B8-4CA5-9EEC-B23E3F50029A 17EE47028
InstallProtocolInterface: 09576E91-6D3F-11D2-8E39-00A0C969723B 17EE47E98
InstallProtocolInterface: 4CF5B200-68B8-4CA5-9EEC-B23E3F50029A 17EE47428
InstallProtocolInterface: 30CFE3E7-3DE1-4586-BE20-DEABA1B3B793 0
Qingyu VariableSmmRuntimeDxe debug: line.281
[Penglai@Monitor] host interface SBI_SMM_COMMUNICATE (funcid:129d) 
[Penglai@Monitor] mm interface SBI_COVE_SMM_EVENT_COMPLETE (funcid:130d) 
Qingyu VariableSmmRuntimeDxe debug: line.288
Qingyu VariableSmmRuntimeDxe debug: line.281
[Penglai@Monitor] host interface SBI_SMM_COMMUNICATE (funcid:129d) 
[Penglai@Monitor] mm interface SBI_COVE_SMM_EVENT_COMPLETE (funcid:130d) 
Qingyu VariableSmmRuntimeDxe debug: line.288
Qingyu VariableSmmRuntimeDxe debug: line.281
[Penglai@Monitor] host interface SBI_SMM_COMMUNICATE (funcid:129d) 
[Penglai@Monitor] mm interface SBI_COVE_SMM_EVENT_COMPLETE (funcid:130d) 
Qingyu VariableSmmRuntimeDxe debug: line.288
Qingyu VariableSmmRuntimeDxe debug: line.281
[Penglai@Monitor] host interface SBI_SMM_COMMUNICATE (funcid:129d) 
[Penglai@Monitor] mm interface SBI_COVE_SMM_EVENT_COMPLETE (funcid:130d) 
Qingyu VariableSmmRuntimeDxe debug: line.288
Qingyu VariableSmmRuntimeDxe debug: line.281
[Penglai@Monitor] host interface SBI_SMM_COMMUNICATE (funcid:129d) 
[Penglai@Monitor] mm interface SBI_COVE_SMM_EVENT_COMPLETE (funcid:130d) 
Qingyu VariableSmmRuntimeDxe debug: line.288
Qingyu VariableSmmRuntimeDxe debug: line.281
[Penglai@Monitor] host interface SBI_SMM_COMMUNICATE (funcid:129d) 
[Penglai@Monitor] mm interface SBI_COVE_SMM_EVENT_COMPLETE (funcid:130d) 
Qingyu VariableSmmRuntimeDxe debug: line.288
[Bds]RegisterKeyNotify: 000C/0000 80000000/00 Success
[Bds]RegisterKeyNotify: 0017/0000 80000000/00 Success
[Bds]RegisterKeyNotify: 0000/000D 80000000/00 Success
Qingyu VariableSmmRuntimeDxe debug: line.281
[Penglai@Monitor] host interface SBI_SMM_COMMUNICATE (funcid:129d) 
[Penglai@Monitor] mm interface SBI_COVE_SMM_EVENT_COMPLETE (funcid:130d) 
Qingyu VariableSmmRuntimeDxe debug: line.288
Qingyu VariableSmmRuntimeDxe debug: line.281
[Penglai@Monitor] host interface SBI_SMM_COMMUNICATE (funcid:129d) 
[Penglai@Monitor] mm interface SBI_COVE_SMM_EVENT_COMPLETE (funcid:130d) 
Qingyu VariableSmmRuntimeDxe debug: line.288
Qingyu VariableSmmRuntimeDxe debug: line.281
[Penglai@Monitor] host interface SBI_SMM_COMMUNICATE (funcid:129d) 
[Penglai@Monitor] mm interface SBI_COVE_SMM_EVENT_COMPLETE (funcid:130d) 
Qingyu VariableSmmRuntimeDxe debug: line.288
Terminal - Mode 0, Column = 80, Row = 25
Terminal - Mode 1, Column = 80, Row = 50
Terminal - Mode 2, Column = 100, Row = 31














































































































InstallProtocolInterface: 387477C1-69C7-11D2-8E39-00A0C969723B 17EE441C0
InstallProtocolInterface: DD9E7534-7762-4698-8C14-F58517A625AA 17EE442A8
InstallProtocolInterface: 387477C2-69C7-11D2-8E39-00A0C969723B 17EE441D8
InstallProtocolInterface: 09576E91-6D3F-11D2-8E39-00A0C969723B 17EE44E98
InstallProtocolInterface: D3B36F2B-D551-11D4-9A46-0090273FC14D 0
InstallProtocolInterface: D3B36F2C-D551-11D4-9A46-0090273FC14D 0
InstallProtocolInterface: D3B36F2D-D551-11D4-9A46-0090273FC14D 0














































































































XhcCreateUsb3Hc: Capability length 0x40
XhcCreateUsb3Hc: HcSParams1 0x8001040
XhcCreateUsb3Hc: HcSParams2 0xF
XhcCreateUsb3Hc: HcCParams 0x87001
XhcCreateUsb3Hc: DBOff 0x2000
XhcCreateUsb3Hc: RTSOff 0x1000
XhcCreateUsb3Hc: UsbLegSupOffset 0xFFFFFFFF
XhcCreateUsb3Hc: DebugCapSupOffset 0xFFFFFFFF
XhcCreateUsb3Hc: Usb2SupOffset 0x0
XhcCreateUsb3Hc: Usb3SupOffset 0x10
XhcResetHC!
XhcInitSched:DCBAA=0x7EE19000
XhcInitSched: Created CMD ring [17EE19240~17EE1A240) EVENT ring [17EE1A240~17EE1C240)
InstallProtocolInterface: 3E745226-9818-45B6-A2AC-D7CD0E8BA2BC 17EE29038
XhcDriverBindingStart: XHCI started for controller @ 7EE46B98
InstallProtocolInterface: 240612B7-A063-11D4-9A3A-0090273FC14D 17EE18020
XhcGetCapability: 8 ports, 64 bit 1
UsbRootHubInit: root hub 17EE18C18 - max speed 3, 8 ports
XhcClearRootHubPortFeature: status Success
UsbEnumeratePort: port 0 state - 00, change - 01 on 17EE18C18
UsbEnumeratePort: Device Connect/Disconnect Normally (port 0)
UsbEnumeratePort: device disconnected event on port 0
XhcClearRootHubPortFeature: status Success
UsbEnumeratePort: port 1 state - 00, change - 01 on 17EE18C18
UsbEnumeratePort: Device Connect/Disconnect Normally (port 1)
UsbEnumeratePort: device disconnected event on port 1
XhcClearRootHubPortFeature: status Success
UsbEnumeratePort: port 2 state - 00, change - 01 on 17EE18C18
UsbEnumeratePort: Device Connect/Disconnect Normally (port 2)
UsbEnumeratePort: device disconnected event on port 2
XhcClearRootHubPortFeature: status Success
UsbEnumeratePort: port 3 state - 00, change - 01 on 17EE18C18
UsbEnumeratePort: Device Connect/Disconnect Normally (port 3)
UsbEnumeratePort: device disconnected event on port 3
XhcClearRootHubPortFeature: status Success
UsbEnumeratePort: port 4 state - 401, change - 01 on 17EE18C18
UsbEnumeratePort: Device Connect/Disconnect Normally (port 4)
UsbEnumeratePort: new device connected at port 4
XhcUsbPortReset!
XhcSetRootHubPortFeature: status Success
XhcClearRootHubPortFeature: status Success
XhcClearRootHubPortFeature: status Success
Enable Slot Successfully, The Slot ID = 0x1
    Address 1 assigned successfully
UsbEnumerateNewDev: hub port 4 is reset
UsbEnumerateNewDev: device is of 2 speed
UsbEnumerateNewDev: device uses translator (0, 0)
UsbEnumerateNewDev: device is now ADDRESSED at 1
UsbEnumerateNewDev: max packet size for EP 0 is 64
Evaluate context
UsbBuildDescTable: device has 1 configures
UsbGetOneConfig: total length is 34
UsbParseConfigDesc: config 1 has 1 interfaces
UsbParseInterfaceDesc: interface 0(setting 0) has 1 endpoints
Endpoint[81]: Created INT ring [17EE1DAC0~17EE1EAC0)
Configure Endpoint
UsbEnumerateNewDev: device 1 is now in CONFIGED state
UsbSelectConfig: config 1 selected for device 1
UsbSelectSetting: setting 0 selected for interface 0
InstallProtocolInterface: 09576E91-6D3F-11D2-8E39-00A0C969723B 17EE16B18
InstallProtocolInterface: 2B2F68D6-0CD2-44CF-8E8B-BBA20B1B5B75 17EE16F40
XhcClearRootHubPortFeature: status Success
UsbEnumeratePort: port 5 state - 401, change - 01 on 17EE18C18
UsbEnumeratePort: Device Connect/Disconnect Normally (port 5)
UsbEnumeratePort: new device connected at port 5
XhcUsbPortReset!
XhcSetRootHubPortFeature: status Success
XhcClearRootHubPortFeature: status Success
XhcClearRootHubPortFeature: status Success
Enable Slot Successfully, The Slot ID = 0x2
    Address 2 assigned successfully
UsbEnumerateNewDev: hub port 5 is reset
UsbEnumerateNewDev: device is of 2 speed
UsbEnumerateNewDev: device uses translator (0, 0)
UsbEnumerateNewDev: device is now ADDRESSED at 2
UsbEnumerateNewDev: max packet size for EP 0 is 64
Evaluate context
UsbBuildDescTable: device has 1 configures
UsbGetOneConfig: total length is 34
UsbParseConfigDesc: config 1 has 1 interfaces
UsbParseInterfaceDesc: interface 0(setting 0) has 1 endpoints
Endpoint[81]: Created INT ring [17EE20300~17EE21300)
Configure Endpoint
UsbEnumerateNewDev: device 2 is now in CONFIGED state
UsbSelectConfig: config 1 selected for device 2
UsbSelectSetting: setting 0 selected for interface 0
InstallProtocolInterface: 09576E91-6D3F-11D2-8E39-00A0C969723B 17EE16118
InstallProtocolInterface: 2B2F68D6-0CD2-44CF-8E8B-BBA20B1B5B75 17EE166C0
UsbConnectDriver: TPL before connect is 8, 17EE15B18
InstallProtocolInterface: 387477C1-69C7-11D2-8E39-00A0C969723B 17EE14038
InstallProtocolInterface: DD9E7534-7762-4698-8C14-F58517A625AA 17EE14050
Qingyu VariableSmmRuntimeDxe debug: line.281
[Penglai@Monitor] host interface SBI_SMM_COMMUNICATE (funcid:129d) 
[Penglai@Monitor] mm interface SBI_COVE_SMM_EVENT_COMPLETE (funcid:130d) 
Qingyu VariableSmmRuntimeDxe debug: line.288
InstallProtocolInterface: D3B36F2B-D551-11D4-9A46-0090273FC14D 0
UsbConnectDriver: TPL after connect is 8
XhcClearRootHubPortFeature: status Success
UsbEnumeratePort: port 6 state - 00, change - 01 on 17EE18C18
UsbEnumeratePort: Device Connect/Disconnect Normally (port 6)
UsbEnumeratePort: device disconnected event on port 6
XhcClearRootHubPortFeature: status Success
UsbEnumeratePort: port 7 state - 00, change - 01 on 17EE18C18
UsbEnumeratePort: Device Connect/Disconnect Normally (port 7)
UsbEnumeratePort: device disconnected event on port 7
UsbBusStart: usb bus started on 17EE46B98, root hub 17EE18C18
RISC-V EDK2 firmware version 2.7
Press ESCAPE within 5 seconds for boot options QemuLoadKernelImage: LoadImage(): Not Found
VirtioBlkInit: LbaSize=0x200[B] NumBlocks=0xFC000[Lba]
VirtioBlkInit: FirstAligned=0x0[Lba] PhysBlkSize=0x1[Lba]
VirtioBlkInit: OptimalTransferLengthGranularity=0x0[Lba]
InstallProtocolInterface: 964E5B21-6459-11D2-8E39-00A0C969723B 17EE10D90
InstallProtocolInterface: CE345171-BA0B-11D2-8E4F-00A0C969723B 17EE10820
 BlockSize : 512 
 LastBlock : FBFFF 
InstallProtocolInterface: 09576E91-6D3F-11D2-8E39-00A0C969723B 17EDFFD18
InstallProtocolInterface: 964E5B21-6459-11D2-8E39-00A0C969723B 17EDFF2B0
InstallProtocolInterface: 8CF2F62C-BC9B-4821-808D-EC9EC421A1A0 17EDFF368
InstallProtocolInterface: CE345171-BA0B-11D2-8E4F-00A0C969723B 17EDFFAA0
 BlockSize : 512 
 LastBlock : FBFC0 
InstallProtocolInterface: 964E5B22-6459-11D2-8E39-00A0C969723B 17EDF6030
Installed Fat filesystem on 17EDFFF98
Qingyu VariableSmmRuntimeDxe debug: line.281
[Penglai@Monitor] host interface SBI_SMM_COMMUNICATE (funcid:129d) 
[Penglai@Monitor] mm interface SBI_COVE_SMM_EVENT_COMPLETE (funcid:130d) 
Qingyu VariableSmmRuntimeDxe debug: line.288
Qingyu VariableSmmRuntimeDxe debug: line.281
[Penglai@Monitor] host interface SBI_SMM_COMMUNICATE (funcid:129d) 
[Penglai@Monitor] mm interface SBI_COVE_SMM_EVENT_COMPLETE (funcid:130d) 
Qingyu VariableSmmRuntimeDxe debug: line.288
Qingyu VariableSmmRuntimeDxe debug: line.281
[Penglai@Monitor] host interface SBI_SMM_COMMUNICATE (funcid:129d) 
[Penglai@Monitor] mm interface SBI_COVE_SMM_EVENT_COMPLETE (funcid:130d) 
Qingyu VariableSmmRuntimeDxe debug: line.288
UsbBusRecursivelyConnectWantedUsbIo: TPL before connect is 4
UsbBusRecursivelyConnectWantedUsbIo: TPL after connect is 4
UsbBusRecursivelyConnectWantedUsbIo: TPL before connect is 4
UsbBusRecursivelyConnectWantedUsbIo: TPL after connect is 4
UsbBusRecursivelyConnectWantedUsbIo: TPL before connect is 4
UsbBusRecursivelyConnectWantedUsbIo: TPL after connect is 4
[Bds]OsIndication: 0000000000000000
[Bds]=============Begin Load Options Dumping ...=============
  Driver Options:
  SysPrep Options:
  Boot Options:
    Boot0000: UiApp 		 0x0109
    Boot0001: UEFI Misc Device 		 0x0001
    Boot0002: EFI Internal Shell 		 0x0001
  PlatformRecovery Options:
    PlatformRecovery0000: Default PlatformRecovery 		 0x0001
[Bds]=============End Load Options Dumping=============
[Bds]BdsWait ...Zzzzzzzzzzzz...
[Bds]BdsWait(5)..Zzzz...
[Bds]BdsWait(4)..Zzzz...
[Bds]BdsWait(3)..Zzzz...
[Bds]BdsWait(2)..Zzzz...
[Bds]BdsWait(1)..Zzzz...
[Bds]Exit the waiting!
Qingyu VariableSmmRuntimeDxe debug: line.281
[Penglai@Monitor] host interface SBI_SMM_COMMUNICATE (funcid:129d) 
[Penglai@Monitor] mm interface SBI_COVE_SMM_EVENT_COMPLETE (funcid:130d) 
Qingyu VariableSmmRuntimeDxe debug: line.288
Qingyu VariableSmmRuntimeDxe debug: line.281
[Penglai@Monitor] host interface SBI_SMM_COMMUNICATE (funcid:129d) 
[Penglai@Monitor] mm interface SBI_COVE_SMM_EVENT_COMPLETE (funcid:130d) 
Qingyu VariableSmmRuntimeDxe debug: line.288
[Bds]Stop Hotkey Service!
[Bds]UnregisterKeyNotify: 000C/0000 Success
[Bds]UnregisterKeyNotify: 0017/0000 Success
[Bds]UnregisterKeyNotify: 0000/000D Success
RamDiskAcpiCheck: Cannot locate the EFI ACPI Table Protocol, unable to publish RAM disks to NFIT.
[Penglai@Monitor] host interface SBI_SMM_COMMUNICATE (funcid:129d) 
[Penglai@Monitor] mm interface SBI_COVE_SMM_EVENT_COMPLETE (funcid:130d) 
Memory  Previous  Current    Next   
 Type    Pages     Pages     Pages  
======  ========  ========  ========
  09    00000000  00000000  00000000
  0A    00000000  00000000  00000000
  00    00000000  00000000  00000000
  06    00000258  000000CD  00000258
  05    00000190  00000079  00000190
  03    000005DC  0000051B  000005DC
  04    00001770  00000E30  00001770
  01    00000014  00000000  00000014
  02    00000000  00000000  00000000
[Bds]Booting UEFI Misc Device
 BlockSize : 512 
 LastBlock : FBFFF 
 BlockSize : 512 
 LastBlock : FBFFF 
[Bds] Expand VenHw(837DCA9E-E874-4D82-B29A-23FE0E23D1E2,0080001000000000) -> <null string>
ERROR: C40000002:V03051002 I0 6D33944A-EC75-4855-A54D-809C75241F6C 83FFF850
BdsDxe: failed to load Boot0001 "
UEFI Misc Device" from VenHw(837DCA9E-E874-4D82-B29A-23FE0E23D1E2,00800010000000
00): Not Found
Qingyu VariableSmmRuntimeDxe debug: line.281
[Penglai@Monitor] host interface SBI_SMM_COMMUNICATE (funcid:129d) 
[Penglai@Monitor] mm interface SBI_COVE_SMM_EVENT_COMPLETE (funcid:130d) 
Qingyu VariableSmmRuntimeDxe debug: line.288
[Penglai@Monitor] host interface SBI_SMM_COMMUNICATE (funcid:129d) 
[Penglai@Monitor] mm interface SBI_COVE_SMM_EVENT_COMPLETE (funcid:130d) 
Memory  Previous  Current    Next   
 Type    Pages     Pages     Pages  
======  ========  ========  ========
  09    00000000  00000000  00000000
  0A    00000000  00000000  00000000
  00    00000000  00000000  00000000
  06    00000258  000000CD  00000258
  05    00000190  00000079  00000190
  03    000005DC  0000051B  000005DC
  04    00001770  00000E36  00001770
  01    00000014  00000000  00000014
  02    00000000  00000000  00000000
[Bds]Booting EFI Internal Shell
[Bds] Expand MemoryMapped(0xB,0x82FDB000,0x837DAFFF)/FvFile(7C04A583-9E3E-4F1C-AD65-E05268D0B4D1) -> MemoryMapped(0xB,0x82FDB000,0x837DAFFF)/FvFile(7C04A583-9E3E-4F1C-AD65-E05268D0B4D1)
InstallProtocolInterface: 5B1B31A1-9562-11D2-8E3F-00A0C969723B 17E805D40
InvalidateInstructionCacheRange:RISC-V unsupported function.
Invalidating the whole instruction cache instead.
Loading driver at 0x0017DD90000 EntryPoint=0x0017DD90240 Shell.efi
InstallProtocolInterface: BC62157E-3E33-4FEC-9920-2D3B36D750DF 17EE43518
ProtectUefiImageCommon - 0x7E805D40
  - 0x000000017DD90000 - 0x0000000000126E00

InstallProtocolInterface: 387477C2-69C7-11D2-8E39-00A0C969723B 17E8011A0
InstallProtocolInterface: 752F3136-4E16-4FDC-A22A-E5F46812F4CA 17E800F18
InstallProtocolInterface: 6302D008-7F9B-4F30-87AC-60C9FEF5DA4E 17DE4DAD0
Qingyu VariableSmmRuntimeDxe debug: line.281
[Penglai@Monitor] host interface SBI_SMM_COMMUNICATE (funcid:129d) 
[Penglai@Monitor] mm interface SBI_COVE_SMM_EVENT_COMPLETE (funcid:130d) 
Qingyu VariableSmmRuntimeDxe debug: line.288
Qingyu VariableSmmRuntimeDxe debug: line.281
[Penglai@Monitor] host interface SBI_SMM_COMMUNICATE (funcid:129d) 
[Penglai@Monitor] mm interface SBI_COVE_SMM_EVENT_COMPLETE (funcid:130d) 
Qingyu VariableSmmRuntimeDxe debug: line.288
Qingyu VariableSmmRuntimeDxe debug: line.281
[Penglai@Monitor] host interface SBI_SMM_COMMUNICATE (funcid:129d) 
[Penglai@Monitor] mm interface SBI_COVE_SMM_EVENT_COMPLETE (funcid:130d) 
Qingyu VariableSmmRuntimeDxe debug: line.288
Qingyu VariableSmmRuntimeDxe debug: line.281
[Penglai@Monitor] host interface SBI_SMM_COMMUNICATE (funcid:129d) 
[Penglai@Monitor] mm interface SBI_COVE_SMM_EVENT_COMPLETE (funcid:130d) 
Qingyu VariableSmmRuntimeDxe debug: line.288
Qingyu VariableSmmRuntimeDxe debug: line.281
[Penglai@Monitor] host interface SBI_SMM_COMMUNICATE (funcid:129d) 
[Penglai@Monitor] mm interface SBI_COVE_SMM_EVENT_COMPLETE (funcid:130d) 
Qingyu VariableSmmRuntimeDxe debug: line.288
UEFI Interactive Shell v2.2
EDK II
UEFI v2.70 (EDK II, 0x00010000)
Mapping table
      FS0: Alias(s):HD0b:;BLK1:
          VenHw(837DCA9E-E874-4D82-B29A-23FE0E23D1E2,0080001000000000)/HD(1,MBR,
0xBE1AFDFA,0x3F,0xFBFC1)
     BLK0: Alias(s):
          VenHw(837DCA9E-E874-4D82-B29A-23FE0E23D1E2,0080001000000000)
Qingyu VariableSmmRuntimeDxe debug: line.281
[Penglai@Monitor] host interface SBI_SMM_COMMUNICATE (funcid:129d) 
[Penglai@Monitor] mm interface SBI_COVE_SMM_EVENT_COMPLETE (funcid:130d) 
Qingyu VariableSmmRuntimeDxe debug: line.288
Qingyu VariableSmmRuntimeDxe debug: line.281
[Penglai@Monitor] host interface SBI_SMM_COMMUNICATE (funcid:129d) 
[Penglai@Monitor] mm interface SBI_COVE_SMM_EVENT_COMPLETE (funcid:130d) 
Qingyu VariableSmmRuntimeDxe debug: line.288
Qingyu VariableSmmRuntimeDxe debug: line.281
[Penglai@Monitor] host interface SBI_SMM_COMMUNICATE (funcid:129d) 
[Penglai@Monitor] mm interface SBI_COVE_SMM_EVENT_COMPLETE (funcid:130d) 
Qingyu VariableSmmRuntimeDxe debug: line.288
Qingyu VariableSmmRuntimeDxe debug: line.281
[Penglai@Monitor] host interface SBI_SMM_COMMUNICATE (funcid:129d) 
[Penglai@Monitor] mm interface SBI_COVE_SMM_EVENT_COMPLETE (funcid:130d) 
Qingyu VariableSmmRuntimeDxe debug: line.288
Qingyu VariableSmmRuntimeDxe debug: line.281
[Penglai@Monitor] host interface SBI_SMM_COMMUNICATE (funcid:129d) 
[Penglai@Monitor] mm interface SBI_COVE_SMM_EVENT_COMPLETE (funcid:130d) 
Qingyu VariableSmmRuntimeDxe debug: line.288
Qingyu VariableSmmRuntimeDxe debug: line.281
[Penglai@Monitor] host interface SBI_SMM_COMMUNICATE (funcid:129d) 
[Penglai@Monitor] mm interface SBI_COVE_SMM_EVENT_COMPLETE (funcid:130d) 
Qingyu VariableSmmRuntimeDxe debug: line.288
Qingyu VariableSmmRuntimeDxe debug: line.281
[Penglai@Monitor] host interface SBI_SMM_COMMUNICATE (funcid:129d) 
[Penglai@Monitor] mm interface SBI_COVE_SMM_EVENT_COMPLETE (funcid:130d) 
Qingyu VariableSmmRuntimeDxe debug: line.288
Qingyu VariableSmmRuntimeDxe debug: line.281
[Penglai@Monitor] host interface SBI_SMM_COMMUNICATE (funcid:129d) 
[Penglai@Monitor] mm interface SBI_COVE_SMM_EVENT_COMPLETE (funcid:130d) 
Qingyu VariableSmmRuntimeDxe debug: line.288
Qingyu VariableSmmRuntimeDxe debug: line.281
[Penglai@Monitor] host interface SBI_SMM_COMMUNICATE (funcid:129d) 
[Penglai@Monitor] mm interface SBI_COVE_SMM_EVENT_COMPLETE (funcid:130d) 
Qingyu VariableSmmRuntimeDxe debug: line.288
Qingyu VariableSmmRuntimeDxe debug: line.281
[Penglai@Monitor] host interface SBI_SMM_COMMUNICATE (funcid:129d) 
[Penglai@Monitor] mm interface SBI_COVE_SMM_EVENT_COMPLETE (funcid:130d) 
Qingyu VariableSmmRuntimeDxe debug: line.288
Qingyu VariableSmmRuntimeDxe debug: line.281
[Penglai@Monitor] host interface SBI_SMM_COMMUNICATE (funcid:129d) 
[Penglai@Monitor] mm interface SBI_COVE_SMM_EVENT_COMPLETE (funcid:130d) 
Qingyu VariableSmmRuntimeDxe debug: line.288
Qingyu VariableSmmRuntimeDxe debug: line.281
[Penglai@Monitor] host interface SBI_SMM_COMMUNICATE (funcid:129d) 
[Penglai@Monitor] mm interface SBI_COVE_SMM_EVENT_COMPLETE (funcid:130d) 
Qingyu VariableSmmRuntimeDxe debug: line.288
Qingyu VariableSmmRuntimeDxe debug: line.281
[Penglai@Monitor] host interface SBI_SMM_COMMUNICATE (funcid:129d) 
[Penglai@Monitor] mm interface SBI_COVE_SMM_EVENT_COMPLETE (funcid:130d) 
Qingyu VariableSmmRuntimeDxe debug: line.288
Qingyu VariableSmmRuntimeDxe debug: line.281
[Penglai@Monitor] host interface SBI_SMM_COMMUNICATE (funcid:129d) 
[Penglai@Monitor] mm interface SBI_COVE_SMM_EVENT_COMPLETE (funcid:130d) 
Qingyu VariableSmmRuntimeDxe debug: line.288
Qingyu VariableSmmRuntimeDxe debug: line.281
[Penglai@Monitor] host interface SBI_SMM_COMMUNICATE (funcid:129d) 
[Penglai@Monitor] mm interface SBI_COVE_SMM_EVENT_COMPLETE (funcid:130d) 
Qingyu VariableSmmRuntimeDxe debug: line.288
Qingyu VariableSmmRuntimeDxe debug: line.281
[Penglai@Monitor] host interface SBI_SMM_COMMUNICATE (funcid:129d) 
[Penglai@Monitor] mm interface SBI_COVE_SMM_EVENT_COMPLETE (funcid:130d) 
Qingyu VariableSmmRuntimeDxe debug: line.288
Qingyu VariableSmmRuntimeDxe debug: line.281
[Penglai@Monitor] host interface SBI_SMM_COMMUNICATE (funcid:129d) 
[Penglai@Monitor] mm interface SBI_COVE_SMM_EVENT_COMPLETE (funcid:130d) 
Qingyu VariableSmmRuntimeDxe debug: line.288
Qingyu VariableSmmRuntimeDxe debug: line.281
[Penglai@Monitor] host interface SBI_SMM_COMMUNICATE (funcid:129d) 
[Penglai@Monitor] mm interface SBI_COVE_SMM_EVENT_COMPLETE (funcid:130d) 
Qingyu VariableSmmRuntimeDxe debug: line.288
Qingyu VariableSmmRuntimeDxe debug: line.281
[Penglai@Monitor] host interface SBI_SMM_COMMUNICATE (funcid:129d) 
[Penglai@Monitor] mm interface SBI_COVE_SMM_EVENT_COMPLETE (funcid:130d) 
Qingyu VariableSmmRuntimeDxe debug: line.288
Qingyu VariableSmmRuntimeDxe debug: line.281
[Penglai@Monitor] host interface SBI_SMM_COMMUNICATE (funcid:129d) 
[Penglai@Monitor] mm interface SBI_COVE_SMM_EVENT_COMPLETE (funcid:130d) 
Qingyu VariableSmmRuntimeDxe debug: line.288
Qingyu VariableSmmRuntimeDxe debug: line.281
[Penglai@Monitor] host interface SBI_SMM_COMMUNICATE (funcid:129d) 
[Penglai@Monitor] mm interface SBI_COVE_SMM_EVENT_COMPLETE (funcid:130d) 
Qingyu VariableSmmRuntimeDxe debug: line.288
Qingyu VariableSmmRuntimeDxe debug: line.281
[Penglai@Monitor] host interface SBI_SMM_COMMUNICATE (funcid:129d) 
[Penglai@Monitor] mm interface SBI_COVE_SMM_EVENT_COMPLETE (funcid:130d) 
Qingyu VariableSmmRuntimeDxe debug: line.288
Qingyu VariableSmmRuntimeDxe debug: line.281
[Penglai@Monitor] host interface SBI_SMM_COMMUNICATE (funcid:129d) 
[Penglai@Monitor] mm interface SBI_COVE_SMM_EVENT_COMPLETE (funcid:130d) 
Qingyu VariableSmmRuntimeDxe debug: line.288
Press ESC in 1 seconds to skip startup.nsh or any other key to continue.
Shell> 
